2019-10-30 17:13:32.241[main]INFO  com.zhixin.wolf.main.Map2DServicesApplication -Starting Map2DServicesApplication on DESKTOP-AFF7SD3 with PID 27712 (started by wolf in D:\item\2D效果\map-2D-client)
2019-10-30 17:13:32.245[main]INFO  com.zhixin.wolf.main.Map2DServicesApplication -No active profile set, falling back to default profiles: default
2019-10-30 17:13:32.422[main]INFO  o.s.b.c.e.AnnotationConfigEmbeddedWebApplicationContext -Refreshing org.springframework.boot.context.embedded.AnnotationConfigEmbeddedWebApplicationContext@25f4ed3f: startup date [Wed Oct 30 17:13:32 CST 2019]; root of context hierarchy
2019-10-30 17:13:33.498[background-preinit]INFO  org.hibernate.validator.internal.util.Version -HV000001: Hibernate Validator 5.3.5.Final
2019-10-30 17:13:34.797[main]INFO  o.s.b.c.e.tomcat.TomcatEmbeddedServletContainer -Tomcat initialized with port(s): 8080 (http)
2019-10-30 17:13:34.810[main]INFO  org.apache.catalina.core.StandardService -Starting service [Tomcat]
2019-10-30 17:13:34.811[main]INFO  org.apache.catalina.core.StandardEngine -Starting Servlet Engine: Apache Tomcat/8.5.15
2019-10-30 17:13:34.959[localhost-startStop-1]INFO  o.a.c.core.ContainerBase.[Tomcat].[localhost].[/] -Initializing Spring embedded WebApplicationContext
2019-10-30 17:13:34.959[localhost-startStop-1]INFO  org.springframework.web.context.ContextLoader -Root WebApplicationContext: initialization completed in 2537 ms
2019-10-30 17:13:35.211[localhost-startStop-1]INFO  o.s.boot.web.servlet.ServletRegistrationBean -Mapping servlet: 'dispatcherServlet' to [/]
2019-10-30 17:13:35.216[localhost-startStop-1]INFO  o.s.boot.web.servlet.FilterRegistrationBean -Mapping filter: 'characterEncodingFilter' to: [/*]
2019-10-30 17:13:35.217[localhost-startStop-1]INFO  o.s.boot.web.servlet.FilterRegistrationBean -Mapping filter: 'hiddenHttpMethodFilter' to: [/*]
2019-10-30 17:13:35.217[localhost-startStop-1]INFO  o.s.boot.web.servlet.FilterRegistrationBean -Mapping filter: 'httpPutFormContentFilter' to: [/*]
2019-10-30 17:13:35.217[localhost-startStop-1]INFO  o.s.boot.web.servlet.FilterRegistrationBean -Mapping filter: 'requestContextFilter' to: [/*]
2019-10-30 17:13:35.287[main]WARN  o.s.b.f.a.AutowiredAnnotationBeanPostProcessor -Autowired annotation is not supported on static fields: private static java.lang.Integer com.zhixin.wolf.util.CoordinatesUtils.imgW
2019-10-30 17:13:35.288[main]WARN  o.s.b.f.a.AutowiredAnnotationBeanPostProcessor -Autowired annotation is not supported on static fields: private static java.lang.Integer com.zhixin.wolf.util.CoordinatesUtils.imgH
2019-10-30 17:13:35.288[main]WARN  o.s.b.f.a.AutowiredAnnotationBeanPostProcessor -Autowired annotation is not supported on static fields: private static java.lang.Integer com.zhixin.wolf.util.CoordinatesUtils.imgI
2019-10-30 17:13:35.292[main]INFO  com.zhixin.wolf.util.CoordinatesUtils -[error]定位坐标配置第12行数据有误！【12@西楼梯门口走廊@0,0@0,0@0,0@0,0@1174，367】错误信息：java.lang.NumberFormatException: For input string: "1174，367"
2019-10-30 17:13:35.748[main]INFO  o.s.w.s.m.m.a.RequestMappingHandlerAdapter -Looking for @ControllerAdvice: org.springframework.boot.context.embedded.AnnotationConfigEmbeddedWebApplicationContext@25f4ed3f: startup date [Wed Oct 30 17:13:32 CST 2019]; root of context hierarchy
2019-10-30 17:13:35.834[main]INFO  o.s.w.s.m.m.a.RequestMappingHandlerMapping -Mapped "{[/queryPersonLocations]}" onto private java.util.List<com.zhixin.wolf.entity.PersonLocationEntity> com.zhixin.wolf.controller.MapServicesController.queryPersonLocations()
2019-10-30 17:13:35.838[main]INFO  o.s.w.s.m.m.a.RequestMappingHandlerMapping -Mapped "{[/queryPersonRoundDataBySerialId]}" onto private com.zhixin.wolf.entity.PersonRoundEntity com.zhixin.wolf.controller.MapServicesController.queryPersonRoundDataBySerialId(javax.servlet.http.HttpServletRequest) throws java.lang.Exception
2019-10-30 17:13:35.841[main]INFO  o.s.w.s.m.m.a.RequestMappingHandlerMapping -Mapped "{[/error]}" onto public org.springframework.http.ResponseEntity<java.util.Map<java.lang.String, java.lang.Object>> org.springframework.boot.autoconfigure.web.BasicErrorController.error(javax.servlet.http.HttpServletRequest)
2019-10-30 17:13:35.841[main]INFO  o.s.w.s.m.m.a.RequestMappingHandlerMapping -Mapped "{[/error],produces=[text/html]}" onto public org.springframework.web.servlet.ModelAndView org.springframework.boot.autoconfigure.web.BasicErrorController.errorHtml(javax.servlet.http.HttpServletRequest,javax.servlet.http.HttpServletResponse)
2019-10-30 17:13:35.905[main]INFO  o.s.web.servlet.handler.SimpleUrlHandlerMapping -Mapped URL path [/webjars/**] onto handler of type [class org.springframework.web.servlet.resource.ResourceHttpRequestHandler]
2019-10-30 17:13:35.906[main]INFO  o.s.web.servlet.handler.SimpleUrlHandlerMapping -Mapped URL path [/**] onto handler of type [class org.springframework.web.servlet.resource.ResourceHttpRequestHandler]
2019-10-30 17:13:35.995[main]INFO  o.s.web.servlet.handler.SimpleUrlHandlerMapping -Mapped URL path [/**/favicon.ico] onto handler of type [class org.springframework.web.servlet.resource.ResourceHttpRequestHandler]
2019-10-30 17:13:36.527[main]INFO  o.s.jmx.export.annotation.AnnotationMBeanExporter -Registering beans for JMX exposure on startup
2019-10-30 17:13:36.616[main]INFO  org.apache.coyote.http11.Http11NioProtocol -Initializing ProtocolHandler ["http-nio-8080"]
2019-10-30 17:13:36.636[main]INFO  org.apache.coyote.http11.Http11NioProtocol -Starting ProtocolHandler ["http-nio-8080"]
2019-10-30 17:13:36.655[main]INFO  org.apache.tomcat.util.net.NioSelectorPool -Using a shared selector for servlet write/read
2019-10-30 17:13:36.688[main]INFO  o.s.b.c.e.tomcat.TomcatEmbeddedServletContainer -Tomcat started on port(s): 8080 (http)
2019-10-30 17:13:36.699[main]INFO  com.zhixin.wolf.main.Map2DServicesApplication -Started Map2DServicesApplication in 5.024 seconds (JVM running for 5.812)
2019-10-30 17:16:42.397[main]INFO  com.zhixin.wolf.main.Map2DServicesApplication -Starting Map2DServicesApplication on DESKTOP-AFF7SD3 with PID 9424 (started by wolf in D:\item\2D效果\map-2D-client)
2019-10-30 17:16:42.403[main]INFO  com.zhixin.wolf.main.Map2DServicesApplication -No active profile set, falling back to default profiles: default
2019-10-30 17:16:46.688[main]INFO  com.zhixin.wolf.main.Map2DServicesApplication -Starting Map2DServicesApplication on DESKTOP-AFF7SD3 with PID 38900 (started by wolf in D:\item\2D效果\map-2D-client)
2019-10-30 17:16:46.693[main]INFO  com.zhixin.wolf.main.Map2DServicesApplication -No active profile set, falling back to default profiles: default
2019-10-30 17:16:46.878[main]INFO  o.s.b.c.e.AnnotationConfigEmbeddedWebApplicationContext -Refreshing org.springframework.boot.context.embedded.AnnotationConfigEmbeddedWebApplicationContext@6dd2c810: startup date [Wed Oct 30 17:16:46 CST 2019]; root of context hierarchy
2019-10-30 17:16:48.208[background-preinit]INFO  org.hibernate.validator.internal.util.Version -HV000001: Hibernate Validator 5.3.5.Final
2019-10-30 17:16:50.393[main]INFO  o.s.b.c.e.tomcat.TomcatEmbeddedServletContainer -Tomcat initialized with port(s): 8080 (http)
2019-10-30 17:16:50.410[main]INFO  org.apache.catalina.core.StandardService -Starting service [Tomcat]
2019-10-30 17:16:50.411[main]INFO  org.apache.catalina.core.StandardEngine -Starting Servlet Engine: Apache Tomcat/8.5.15
2019-10-30 17:16:50.593[localhost-startStop-1]INFO  o.a.c.core.ContainerBase.[Tomcat].[localhost].[/] -Initializing Spring embedded WebApplicationContext
2019-10-30 17:16:50.594[localhost-startStop-1]INFO  org.springframework.web.context.ContextLoader -Root WebApplicationContext: initialization completed in 3716 ms
2019-10-30 17:16:50.905[localhost-startStop-1]INFO  o.s.boot.web.servlet.ServletRegistrationBean -Mapping servlet: 'dispatcherServlet' to [/]
2019-10-30 17:16:50.912[localhost-startStop-1]INFO  o.s.boot.web.servlet.FilterRegistrationBean -Mapping filter: 'characterEncodingFilter' to: [/*]
2019-10-30 17:16:50.913[localhost-startStop-1]INFO  o.s.boot.web.servlet.FilterRegistrationBean -Mapping filter: 'hiddenHttpMethodFilter' to: [/*]
2019-10-30 17:16:50.913[localhost-startStop-1]INFO  o.s.boot.web.servlet.FilterRegistrationBean -Mapping filter: 'httpPutFormContentFilter' to: [/*]
2019-10-30 17:16:50.914[localhost-startStop-1]INFO  o.s.boot.web.servlet.FilterRegistrationBean -Mapping filter: 'requestContextFilter' to: [/*]
2019-10-30 17:16:50.993[main]WARN  o.s.b.f.a.AutowiredAnnotationBeanPostProcessor -Autowired annotation is not supported on static fields: private static java.lang.Integer com.zhixin.wolf.util.CoordinatesUtils.imgW
2019-10-30 17:16:50.993[main]WARN  o.s.b.f.a.AutowiredAnnotationBeanPostProcessor -Autowired annotation is not supported on static fields: private static java.lang.Integer com.zhixin.wolf.util.CoordinatesUtils.imgH
2019-10-30 17:16:50.993[main]WARN  o.s.b.f.a.AutowiredAnnotationBeanPostProcessor -Autowired annotation is not supported on static fields: private static java.lang.Integer com.zhixin.wolf.util.CoordinatesUtils.imgI
2019-10-30 17:16:50.999[main]INFO  com.zhixin.wolf.util.CoordinatesUtils -================获取到定位配置信息start=======================
2019-10-30 17:16:50.999[main]INFO  com.zhixin.wolf.util.CoordinatesUtils -{roomId=1, roomName='入区大厅', leftTopX=99, leftTopY=635, leftDownX=86, leftDownY=780, rightTopX=218, rightTopY=626, rightDownX=184, rightDownY=774, centerX=150, centerY=700, mainNumR=2, mainNumC=4}
2019-10-30 17:16:51.000[main]INFO  com.zhixin.wolf.util.CoordinatesUtils -{roomId=2, roomName='人身安全检查室', leftTopX=0, leftTopY=0, leftDownX=0, leftDownY=0, rightTopX=0, rightTopY=0, rightDownX=0, rightDownY=0, centerX=468, centerY=526, mainNumR=0, mainNumC=0}
2019-10-30 17:16:51.000[main]INFO  com.zhixin.wolf.util.CoordinatesUtils -{roomId=3, roomName='候问室1', leftTopX=0, leftTopY=0, leftDownX=0, leftDownY=0, rightTopX=0, rightTopY=0, rightDownX=0, rightDownY=0, centerX=1932, centerY=58, mainNumR=0, mainNumC=0}
2019-10-30 17:16:51.000[main]INFO  com.zhixin.wolf.util.CoordinatesUtils -{roomId=4, roomName='候问走廊', leftTopX=0, leftTopY=0, leftDownX=0, leftDownY=0, rightTopX=0, rightTopY=0, rightDownX=0, rightDownY=0, centerX=1263, centerY=117, mainNumR=0, mainNumC=0}
2019-10-30 17:16:51.000[main]INFO  com.zhixin.wolf.util.CoordinatesUtils -{roomId=5, roomName='未成年人讯（询）问室', leftTopX=0, leftTopY=0, leftDownX=0, leftDownY=0, rightTopX=0, rightTopY=0, rightDownX=0, rightDownY=0, centerX=718, centerY=526, mainNumR=0, mainNumC=0}
2019-10-30 17:16:51.000[main]INFO  com.zhixin.wolf.util.CoordinatesUtils -{roomId=6, roomName='讯（询）问室1', leftTopX=0, leftTopY=0, leftDownX=0, leftDownY=0, rightTopX=0, rightTopY=0, rightDownX=0, rightDownY=0, centerX=808, centerY=720, mainNumR=0, mainNumC=0}
2019-10-30 17:16:51.000[main]INFO  com.zhixin.wolf.util.CoordinatesUtils -{roomId=7, roomName='讯（询）问室2', leftTopX=0, leftTopY=0, leftDownX=0, leftDownY=0, rightTopX=0, rightTopY=0, rightDownX=0, rightDownY=0, centerX=1172, centerY=737, mainNumR=0, mainNumC=0}
2019-10-30 17:16:51.000[main]INFO  com.zhixin.wolf.util.CoordinatesUtils -{roomId=8, roomName='讯（询）问室3', leftTopX=0, leftTopY=0, leftDownX=0, leftDownY=0, rightTopX=0, rightTopY=0, rightDownX=0, rightDownY=0, centerX=1415, centerY=691, mainNumR=0, mainNumC=0}
2019-10-30 17:16:51.000[main]INFO  com.zhixin.wolf.util.CoordinatesUtils -{roomId=9, roomName='嫌疑人卫生间', leftTopX=0, leftTopY=0, leftDownX=0, leftDownY=0, rightTopX=0, rightTopY=0, rightDownX=0, rightDownY=0, centerX=1150, centerY=43, mainNumR=0, mainNumC=0}
2019-10-30 17:16:51.000[main]INFO  com.zhixin.wolf.util.CoordinatesUtils -{roomId=10, roomName='东楼梯门口走廊', leftTopX=0, leftTopY=0, leftDownX=0, leftDownY=0, rightTopX=0, rightTopY=0, rightDownX=0, rightDownY=0, centerX=137, centerY=482, mainNumR=0, mainNumC=0}
2019-10-30 17:16:51.000[main]INFO  com.zhixin.wolf.util.CoordinatesUtils -{roomId=11, roomName='机房门口走廊', leftTopX=0, leftTopY=0, leftDownX=0, leftDownY=0, rightTopX=0, rightTopY=0, rightDownX=0, rightDownY=0, centerX=1287, centerY=542, mainNumR=0, mainNumC=0}
2019-10-30 17:16:51.000[main]INFO  com.zhixin.wolf.util.CoordinatesUtils -{roomId=12, roomName='西楼梯门口走廊', leftTopX=0, leftTopY=0, leftDownX=0, leftDownY=0, rightTopX=0, rightTopY=0, rightDownX=0, rightDownY=0, centerX=1174, centerY=367, mainNumR=0, mainNumC=0}
2019-10-30 17:16:51.000[main]INFO  com.zhixin.wolf.util.CoordinatesUtils -{roomId=13, roomName='监控室门口走廊', leftTopX=0, leftTopY=0, leftDownX=0, leftDownY=0, rightTopX=0, rightTopY=0, rightDownX=0, rightDownY=0, centerX=993, centerY=625, mainNumR=0, mainNumC=0}
2019-10-30 17:16:51.000[main]INFO  com.zhixin.wolf.util.CoordinatesUtils -{roomId=14, roomName='测谎室门口走廊', leftTopX=0, leftTopY=0, leftDownX=0, leftDownY=0, rightTopX=0, rightTopY=0, rightDownX=0, rightDownY=0, centerX=634, centerY=625, mainNumR=0, mainNumC=0}
2019-10-30 17:16:51.000[main]INFO  com.zhixin.wolf.util.CoordinatesUtils -{roomId=15, roomName='入区前台', leftTopX=0, leftTopY=0, leftDownX=0, leftDownY=0, rightTopX=0, rightTopY=0, rightDownX=0, rightDownY=0, centerX=163, centerY=561, mainNumR=0, mainNumC=0}
2019-10-30 17:16:51.001[main]INFO  com.zhixin.wolf.util.CoordinatesUtils -{roomId=17, roomName='衣帽间', leftTopX=0, leftTopY=0, leftDownX=0, leftDownY=0, rightTopX=0, rightTopY=0, rightDownX=0, rightDownY=0, centerX=268, centerY=673, mainNumR=0, mainNumC=0}
2019-10-30 17:16:51.001[main]INFO  com.zhixin.wolf.util.CoordinatesUtils -{roomId=16, roomName='物证保管室', leftTopX=0, leftTopY=0, leftDownX=0, leftDownY=0, rightTopX=0, rightTopY=0, rightDownX=0, rightDownY=0, centerX=553, centerY=513, mainNumR=0, mainNumC=0}
2019-10-30 17:16:51.001[main]INFO  com.zhixin.wolf.util.CoordinatesUtils -{roomId=19, roomName='值班室', leftTopX=0, leftTopY=0, leftDownX=0, leftDownY=0, rightTopX=0, rightTopY=0, rightDownX=0, rightDownY=0, centerX=454, centerY=717, mainNumR=0, mainNumC=0}
2019-10-30 17:16:51.001[main]INFO  com.zhixin.wolf.util.CoordinatesUtils -{roomId=18, roomName='值班室门口走廊', leftTopX=0, leftTopY=0, leftDownX=0, leftDownY=0, rightTopX=0, rightTopY=0, rightDownX=0, rightDownY=0, centerX=464, centerY=626, mainNumR=0, mainNumC=0}
2019-10-30 17:16:51.001[main]INFO  com.zhixin.wolf.util.CoordinatesUtils -{roomId=21, roomName='随身物品保管室', leftTopX=0, leftTopY=0, leftDownX=0, leftDownY=0, rightTopX=0, rightTopY=0, rightDownX=0, rightDownY=0, centerX=550, centerY=548, mainNumR=0, mainNumC=0}
2019-10-30 17:16:51.001[main]INFO  com.zhixin.wolf.util.CoordinatesUtils -{roomId=20, roomName='随身物品室', leftTopX=0, leftTopY=0, leftDownX=0, leftDownY=0, rightTopX=0, rightTopY=0, rightDownX=0, rightDownY=0, centerX=554, centerY=525, mainNumR=0, mainNumC=0}
2019-10-30 17:16:51.001[main]INFO  com.zhixin.wolf.util.CoordinatesUtils -{roomId=23, roomName='辨认室', leftTopX=0, leftTopY=0, leftDownX=0, leftDownY=0, rightTopX=0, rightTopY=0, rightDownX=0, rightDownY=0, centerX=625, centerY=718, mainNumR=0, mainNumC=0}
2019-10-30 17:16:51.001[main]INFO  com.zhixin.wolf.util.CoordinatesUtils -{roomId=22, roomName='医疗救助室', leftTopX=0, leftTopY=0, leftDownX=0, leftDownY=0, rightTopX=0, rightTopY=0, rightDownX=0, rightDownY=0, centerX=550, centerY=722, mainNumR=0, mainNumC=0}
2019-10-30 17:16:51.001[main]INFO  com.zhixin.wolf.util.CoordinatesUtils -{roomId=25, roomName='测谎室', leftTopX=0, leftTopY=0, leftDownX=0, leftDownY=0, rightTopX=0, rightTopY=0, rightDownX=0, rightDownY=0, centerX=627, centerY=521, mainNumR=0, mainNumC=0}
2019-10-30 17:16:51.001[main]INFO  com.zhixin.wolf.util.CoordinatesUtils -{roomId=24, roomName='案审指挥室', leftTopX=0, leftTopY=0, leftDownX=0, leftDownY=0, rightTopX=0, rightTopY=0, rightDownX=0, rightDownY=0, centerX=712, centerY=732, mainNumR=0, mainNumC=0}
2019-10-30 17:16:51.001[main]INFO  com.zhixin.wolf.util.CoordinatesUtils -{roomId=27, roomName='讯（询）问室5', leftTopX=0, leftTopY=0, leftDownX=0, leftDownY=0, rightTopX=0, rightTopY=0, rightDownX=0, rightDownY=0, centerX=1409, centerY=525, mainNumR=0, mainNumC=0}
2019-10-30 17:16:51.001[main]INFO  com.zhixin.wolf.util.CoordinatesUtils -{roomId=26, roomName='讯（询）问室4', leftTopX=0, leftTopY=0, leftDownX=0, leftDownY=0, rightTopX=0, rightTopY=0, rightDownX=0, rightDownY=0, centerX=1411, centerY=616, mainNumR=0, mainNumC=0}
2019-10-30 17:16:51.001[main]INFO  com.zhixin.wolf.util.CoordinatesUtils -{roomId=29, roomName='讯（询）问室7', leftTopX=0, leftTopY=0, leftDownX=0, leftDownY=0, rightTopX=0, rightTopY=0, rightDownX=0, rightDownY=0, centerX=1412, centerY=367, mainNumR=0, mainNumC=0}
2019-10-30 17:16:51.001[main]INFO  com.zhixin.wolf.util.CoordinatesUtils -{roomId=28, roomName='讯（询）问室6', leftTopX=0, leftTopY=0, leftDownX=0, leftDownY=0, rightTopX=0, rightTopY=0, rightDownX=0, rightDownY=0, centerX=1413, centerY=450, mainNumR=0, mainNumC=0}
2019-10-30 17:16:51.001[main]INFO  com.zhixin.wolf.util.CoordinatesUtils -{roomId=31, roomName='合成作战室', leftTopX=0, leftTopY=0, leftDownX=0, leftDownY=0, rightTopX=0, rightTopY=0, rightDownX=0, rightDownY=0, centerX=840, centerY=527, mainNumR=0, mainNumC=0}
2019-10-30 17:16:51.001[main]INFO  com.zhixin.wolf.util.CoordinatesUtils -{roomId=30, roomName='讯（询）问室8', leftTopX=0, leftTopY=0, leftDownX=0, leftDownY=0, rightTopX=0, rightTopY=0, rightDownX=0, rightDownY=0, centerX=1417, centerY=285, mainNumR=0, mainNumC=0}
2019-10-30 17:16:51.002[main]INFO  com.zhixin.wolf.util.CoordinatesUtils -{roomId=34, roomName='候问室2', leftTopX=0, leftTopY=0, leftDownX=0, leftDownY=0, rightTopX=0, rightTopY=0, rightDownX=0, rightDownY=0, centerX=1400, centerY=118, mainNumR=0, mainNumC=0}
2019-10-30 17:16:51.002[main]INFO  com.zhixin.wolf.util.CoordinatesUtils -{roomId=35, roomName='候问室3', leftTopX=0, leftTopY=0, leftDownX=0, leftDownY=0, rightTopX=0, rightTopY=0, rightDownX=0, rightDownY=0, centerX=1150, centerY=119, mainNumR=0, mainNumC=0}
2019-10-30 17:16:51.002[main]INFO  com.zhixin.wolf.util.CoordinatesUtils -{roomId=32, roomName='监控室', leftTopX=0, leftTopY=0, leftDownX=0, leftDownY=0, rightTopX=0, rightTopY=0, rightDownX=0, rightDownY=0, centerX=1011, centerY=524, mainNumR=0, mainNumC=0}
2019-10-30 17:16:51.002[main]INFO  com.zhixin.wolf.util.CoordinatesUtils -{roomId=33, roomName='看管室', leftTopX=0, leftTopY=0, leftDownX=0, leftDownY=0, rightTopX=0, rightTopY=0, rightDownX=0, rightDownY=0, centerX=1190, centerY=285, mainNumR=0, mainNumC=0}
2019-10-30 17:16:51.002[main]INFO  com.zhixin.wolf.util.CoordinatesUtils -{roomId=38, roomName='候问室外走廊', leftTopX=0, leftTopY=0, leftDownX=0, leftDownY=0, rightTopX=0, rightTopY=0, rightDownX=0, rightDownY=0, centerX=1271, centerY=141, mainNumR=0, mainNumC=0}
2019-10-30 17:16:51.002[main]INFO  com.zhixin.wolf.util.CoordinatesUtils -{roomId=39, roomName='民警卫生间', leftTopX=0, leftTopY=0, leftDownX=0, leftDownY=0, rightTopX=0, rightTopY=0, rightDownX=0, rightDownY=0, centerX=947, centerY=710, mainNumR=0, mainNumC=0}
2019-10-30 17:16:51.002[main]INFO  com.zhixin.wolf.util.CoordinatesUtils -{roomId=36, roomName='未成年人候问室', leftTopX=0, leftTopY=0, leftDownX=0, leftDownY=0, rightTopX=0, rightTopY=0, rightDownX=0, rightDownY=0, centerX=1159, centerY=202, mainNumR=0, mainNumC=0}
2019-10-30 17:16:51.002[main]INFO  com.zhixin.wolf.util.CoordinatesUtils -{roomId=37, roomName='醒酒室', leftTopX=0, leftTopY=0, leftDownX=0, leftDownY=0, rightTopX=0, rightTopY=0, rightDownX=0, rightDownY=0, centerX=1411, centerY=205, mainNumR=0, mainNumC=0}
2019-10-30 17:16:51.002[main]INFO  com.zhixin.wolf.util.CoordinatesUtils -{roomId=40, roomName='候问室外走廊', leftTopX=0, leftTopY=0, leftDownX=0, leftDownY=0, rightTopX=0, rightTopY=0, rightDownX=0, rightDownY=0, centerX=1271, centerY=141, mainNumR=0, mainNumC=0}
2019-10-30 17:16:51.002[main]INFO  com.zhixin.wolf.util.CoordinatesUtils -{roomId=41, roomName='送风机房外走廊', leftTopX=0, leftTopY=0, leftDownX=0, leftDownY=0, rightTopX=0, rightTopY=0, rightDownX=0, rightDownY=0, centerX=1292, centerY=759, mainNumR=0, mainNumC=0}
2019-10-30 17:16:51.002[main]INFO  com.zhixin.wolf.util.CoordinatesUtils -{roomId=46, roomName='排烟机房外走廊', leftTopX=0, leftTopY=0, leftDownX=0, leftDownY=0, rightTopX=0, rightTopY=0, rightDownX=0, rightDownY=0, centerX=1138, centerY=620, mainNumR=0, mainNumC=0}
2019-10-30 17:16:51.003[main]INFO  com.zhixin.wolf.util.CoordinatesUtils -{roomId=47, roomName='合成作战室外走廊', leftTopX=0, leftTopY=0, leftDownX=0, leftDownY=0, rightTopX=0, rightTopY=0, rightDownX=0, rightDownY=0, centerX=837, centerY=624, mainNumR=0, mainNumC=0}
2019-10-30 17:16:51.003[main]INFO  com.zhixin.wolf.util.CoordinatesUtils -{roomId=51, roomName='值班室医疗室之间走廊', leftTopX=0, leftTopY=0, leftDownX=0, leftDownY=0, rightTopX=0, rightTopY=0, rightDownX=0, rightDownY=0, centerX=498, centerY=634, mainNumR=0, mainNumC=0}
2019-10-30 17:16:51.003[main]INFO  com.zhixin.wolf.util.CoordinatesUtils -{roomId=50, roomName='配电室门口走廊', leftTopX=0, leftTopY=0, leftDownX=0, leftDownY=0, rightTopX=0, rightTopY=0, rightDownX=0, rightDownY=0, centerX=396, centerY=624, mainNumR=0, mainNumC=0}
2019-10-30 17:16:51.003[main]INFO  com.zhixin.wolf.util.CoordinatesUtils -{roomId=49, roomName='办案区入口过道', leftTopX=0, leftTopY=0, leftDownX=0, leftDownY=0, rightTopX=0, rightTopY=0, rightDownX=0, rightDownY=0, centerX=357, centerY=623, mainNumR=0, mainNumC=0}
2019-10-30 17:16:51.003[main]INFO  com.zhixin.wolf.util.CoordinatesUtils -{roomId=48, roomName='入区大厅出口', leftTopX=0, leftTopY=0, leftDownX=0, leftDownY=0, rightTopX=0, rightTopY=0, rightDownX=0, rightDownY=0, centerX=33, centerY=717, mainNumR=0, mainNumC=0}
2019-10-30 17:16:51.003[main]INFO  com.zhixin.wolf.util.CoordinatesUtils -{roomId=55, roomName='讯（询）问室1门口走廊', leftTopX=0, leftTopY=0, leftDownX=0, leftDownY=0, rightTopX=0, rightTopY=0, rightDownX=0, rightDownY=0, centerX=801, centerY=630, mainNumR=0, mainNumC=0}
2019-10-30 17:16:51.003[main]INFO  com.zhixin.wolf.util.CoordinatesUtils -{roomId=54, roomName='合成作战室门口走廊2', leftTopX=0, leftTopY=0, leftDownX=0, leftDownY=0, rightTopX=0, rightTopY=0, rightDownX=0, rightDownY=0, centerX=806, centerY=627, mainNumR=0, mainNumC=0}
2019-10-30 17:16:51.003[main]INFO  com.zhixin.wolf.util.CoordinatesUtils -{roomId=53, roomName='未成年人门口走廊', leftTopX=0, leftTopY=0, leftDownX=0, leftDownY=0, rightTopX=0, rightTopY=0, rightDownX=0, rightDownY=0, centerX=709, centerY=617, mainNumR=0, mainNumC=0}
2019-10-30 17:16:51.004[main]INFO  com.zhixin.wolf.util.CoordinatesUtils -{roomId=52, roomName='治疗室门口走廊', leftTopX=0, leftTopY=0, leftDownX=0, leftDownY=0, rightTopX=0, rightTopY=0, rightDownX=0, rightDownY=0, centerX=529, centerY=628, mainNumR=0, mainNumC=0}
2019-10-30 17:16:51.004[main]INFO  com.zhixin.wolf.util.CoordinatesUtils -{roomId=59, roomName='送风机房', leftTopX=0, leftTopY=0, leftDownX=0, leftDownY=0, rightTopX=0, rightTopY=0, rightDownX=0, rightDownY=0, centerX=1400, centerY=762, mainNumR=0, mainNumC=0}
2019-10-30 17:16:51.004[main]INFO  com.zhixin.wolf.util.CoordinatesUtils -{roomId=58, roomName='杂物间东侧走廊', leftTopX=0, leftTopY=0, leftDownX=0, leftDownY=0, rightTopX=0, rightTopY=0, rightDownX=0, rightDownY=0, centerX=1162, centerY=641, mainNumR=0, mainNumC=0}
2019-10-30 17:16:51.004[main]INFO  com.zhixin.wolf.util.CoordinatesUtils -{roomId=57, roomName='长走廊防火门处', leftTopX=0, leftTopY=0, leftDownX=0, leftDownY=0, rightTopX=0, rightTopY=0, rightDownX=0, rightDownY=0, centerX=1136, centerY=621, mainNumR=0, mainNumC=0}
2019-10-30 17:16:51.004[main]INFO  com.zhixin.wolf.util.CoordinatesUtils -{roomId=56, roomName='民警卫生间门口右侧走廊', leftTopX=0, leftTopY=0, leftDownX=0, leftDownY=0, rightTopX=0, rightTopY=0, rightDownX=0, rightDownY=0, centerX=1067, centerY=623, mainNumR=0, mainNumC=0}
2019-10-30 17:16:51.004[main]INFO  com.zhixin.wolf.util.CoordinatesUtils -{roomId=63, roomName='讯（询）问室6门口走廊', leftTopX=0, leftTopY=0, leftDownX=0, leftDownY=0, rightTopX=0, rightTopY=0, rightDownX=0, rightDownY=0, centerX=1289, centerY=454, mainNumR=0, mainNumC=0}
2019-10-30 17:16:51.004[main]INFO  com.zhixin.wolf.util.CoordinatesUtils -{roomId=62, roomName='讯5与讯6之间走廊', leftTopX=0, leftTopY=0, leftDownX=0, leftDownY=0, rightTopX=0, rightTopY=0, rightDownX=0, rightDownY=0, centerX=1292, centerY=488, mainNumR=0, mainNumC=0}
2019-10-30 17:16:51.004[main]INFO  com.zhixin.wolf.util.CoordinatesUtils -{roomId=61, roomName='讯（询）问室5门口走廊', leftTopX=0, leftTopY=0, leftDownX=0, leftDownY=0, rightTopX=0, rightTopY=0, rightDownX=0, rightDownY=0, centerX=1295, centerY=530, mainNumR=0, mainNumC=0}
2019-10-30 17:16:51.005[main]INFO  com.zhixin.wolf.util.CoordinatesUtils -{roomId=60, roomName='讯（询）问室2门口走廊', leftTopX=0, leftTopY=0, leftDownX=0, leftDownY=0, rightTopX=0, rightTopY=0, rightDownX=0, rightDownY=0, centerX=1288, centerY=727, mainNumR=0, mainNumC=0}
2019-10-30 17:16:51.005[main]INFO  com.zhixin.wolf.util.CoordinatesUtils -{roomId=68, roomName='候问室2门口走廊', leftTopX=0, leftTopY=0, leftDownX=0, leftDownY=0, rightTopX=0, rightTopY=0, rightDownX=0, rightDownY=0, centerX=1287, centerY=124, mainNumR=0, mainNumC=0}
2019-10-30 17:16:51.005[main]INFO  com.zhixin.wolf.util.CoordinatesUtils -{roomId=69, roomName='醒酒室', leftTopX=0, leftTopY=0, leftDownX=0, leftDownY=0, rightTopX=0, rightTopY=0, rightDownX=0, rightDownY=0, centerX=1403, centerY=204, mainNumR=0, mainNumC=0}
2019-10-30 17:16:51.005[main]INFO  com.zhixin.wolf.util.CoordinatesUtils -{roomId=64, roomName='讯（询）问室7门口走廊', leftTopX=0, leftTopY=0, leftDownX=0, leftDownY=0, rightTopX=0, rightTopY=0, rightDownX=0, rightDownY=0, centerX=1284, centerY=370, mainNumR=0, mainNumC=0}
2019-10-30 17:16:51.005[main]INFO  com.zhixin.wolf.util.CoordinatesUtils -{roomId=65, roomName='讯（询）问室8门口走廊', leftTopX=0, leftTopY=0, leftDownX=0, leftDownY=0, rightTopX=0, rightTopY=0, rightDownX=0, rightDownY=0, centerX=1291, centerY=290, mainNumR=0, mainNumC=0}
2019-10-30 17:16:51.006[main]INFO  com.zhixin.wolf.util.CoordinatesUtils -{roomId=66, roomName='醒酒室门口走廊', leftTopX=0, leftTopY=0, leftDownX=0, leftDownY=0, rightTopX=0, rightTopY=0, rightDownX=0, rightDownY=0, centerX=1287, centerY=209, mainNumR=0, mainNumC=0}
2019-10-30 17:16:51.006[main]INFO  com.zhixin.wolf.util.CoordinatesUtils -{roomId=67, roomName='候问室1门口走廊', leftTopX=0, leftTopY=0, leftDownX=0, leftDownY=0, rightTopX=0, rightTopY=0, rightDownX=0, rightDownY=0, centerX=1301, centerY=51, mainNumR=0, mainNumC=0}
2019-10-30 17:16:51.006[main]INFO  com.zhixin.wolf.util.CoordinatesUtils -================获取到定位配置信息end=========================
2019-10-30 17:16:51.578[main]INFO  o.s.w.s.m.m.a.RequestMappingHandlerAdapter -Looking for @ControllerAdvice: org.springframework.boot.context.embedded.AnnotationConfigEmbeddedWebApplicationContext@6dd2c810: startup date [Wed Oct 30 17:16:46 CST 2019]; root of context hierarchy
2019-10-30 17:16:51.691[main]INFO  o.s.w.s.m.m.a.RequestMappingHandlerMapping -Mapped "{[/queryPersonLocations]}" onto private java.util.List<com.zhixin.wolf.entity.PersonLocationEntity> com.zhixin.wolf.controller.MapServicesController.queryPersonLocations()
2019-10-30 17:16:51.698[main]INFO  o.s.w.s.m.m.a.RequestMappingHandlerMapping -Mapped "{[/queryPersonRoundDataBySerialId]}" onto private com.zhixin.wolf.entity.PersonRoundEntity com.zhixin.wolf.controller.MapServicesController.queryPersonRoundDataBySerialId(javax.servlet.http.HttpServletRequest) throws java.lang.Exception
2019-10-30 17:16:51.702[main]INFO  o.s.w.s.m.m.a.RequestMappingHandlerMapping -Mapped "{[/error]}" onto public org.springframework.http.ResponseEntity<java.util.Map<java.lang.String, java.lang.Object>> org.springframework.boot.autoconfigure.web.BasicErrorController.error(javax.servlet.http.HttpServletRequest)
2019-10-30 17:16:51.703[main]INFO  o.s.w.s.m.m.a.RequestMappingHandlerMapping -Mapped "{[/error],produces=[text/html]}" onto public org.springframework.web.servlet.ModelAndView org.springframework.boot.autoconfigure.web.BasicErrorController.errorHtml(javax.servlet.http.HttpServletRequest,javax.servlet.http.HttpServletResponse)
2019-10-30 17:16:51.795[main]INFO  o.s.web.servlet.handler.SimpleUrlHandlerMapping -Mapped URL path [/webjars/**] onto handler of type [class org.springframework.web.servlet.resource.ResourceHttpRequestHandler]
2019-10-30 17:16:51.796[main]INFO  o.s.web.servlet.handler.SimpleUrlHandlerMapping -Mapped URL path [/**] onto handler of type [class org.springframework.web.servlet.resource.ResourceHttpRequestHandler]
2019-10-30 17:16:51.875[main]INFO  o.s.web.servlet.handler.SimpleUrlHandlerMapping -Mapped URL path [/**/favicon.ico] onto handler of type [class org.springframework.web.servlet.resource.ResourceHttpRequestHandler]
2019-10-30 17:16:52.426[main]INFO  o.s.jmx.export.annotation.AnnotationMBeanExporter -Registering beans for JMX exposure on startup
2019-10-30 17:16:52.548[main]INFO  org.apache.coyote.http11.Http11NioProtocol -Initializing ProtocolHandler ["http-nio-8080"]
2019-10-30 17:16:52.576[main]INFO  org.apache.coyote.http11.Http11NioProtocol -Starting ProtocolHandler ["http-nio-8080"]
2019-10-30 17:16:52.603[main]INFO  org.apache.tomcat.util.net.NioSelectorPool -Using a shared selector for servlet write/read
2019-10-30 17:16:52.664[main]INFO  o.s.b.c.e.tomcat.TomcatEmbeddedServletContainer -Tomcat started on port(s): 8080 (http)
2019-10-30 17:16:52.671[main]INFO  com.zhixin.wolf.main.Map2DServicesApplication -Started Map2DServicesApplication in 6.726 seconds (JVM running for 7.778)
