2019-10-27 10:46:56.847[main]INFO  com.zhixin.wolf.main.Map2DServicesApplication -Starting Map2DServicesApplication on DESKTOP-AFF7SD3 with PID 33920 (started by wolf in D:\item\2D效果\map-2D-client)
2019-10-27 10:46:56.852[main]INFO  com.zhixin.wolf.main.Map2DServicesApplication -No active profile set, falling back to default profiles: default
2019-10-27 10:46:56.995[main]INFO  o.s.b.c.e.AnnotationConfigEmbeddedWebApplicationContext -Refreshing org.springframework.boot.context.embedded.AnnotationConfigEmbeddedWebApplicationContext@76f9d876: startup date [Sun Oct 27 10:46:56 CST 2019]; root of context hierarchy
2019-10-27 10:46:57.924[background-preinit]INFO  org.hibernate.validator.internal.util.Version -HV000001: Hibernate Validator 5.3.5.Final
2019-10-27 10:46:59.125[main]INFO  o.s.b.c.e.tomcat.TomcatEmbeddedServletContainer -Tomcat initialized with port(s): 8080 (http)
2019-10-27 10:46:59.137[main]INFO  org.apache.catalina.core.StandardService -Starting service [Tomcat]
2019-10-27 10:46:59.139[main]INFO  org.apache.catalina.core.StandardEngine -Starting Servlet Engine: Apache Tomcat/8.5.15
2019-10-27 10:46:59.264[localhost-startStop-1]INFO  o.a.c.core.ContainerBase.[Tomcat].[localhost].[/] -Initializing Spring embedded WebApplicationContext
2019-10-27 10:46:59.265[localhost-startStop-1]INFO  org.springframework.web.context.ContextLoader -Root WebApplicationContext: initialization completed in 2271 ms
2019-10-27 10:46:59.495[localhost-startStop-1]INFO  o.s.boot.web.servlet.ServletRegistrationBean -Mapping servlet: 'dispatcherServlet' to [/]
2019-10-27 10:46:59.502[localhost-startStop-1]INFO  o.s.boot.web.servlet.FilterRegistrationBean -Mapping filter: 'characterEncodingFilter' to: [/*]
2019-10-27 10:46:59.503[localhost-startStop-1]INFO  o.s.boot.web.servlet.FilterRegistrationBean -Mapping filter: 'hiddenHttpMethodFilter' to: [/*]
2019-10-27 10:46:59.503[localhost-startStop-1]INFO  o.s.boot.web.servlet.FilterRegistrationBean -Mapping filter: 'httpPutFormContentFilter' to: [/*]
2019-10-27 10:46:59.503[localhost-startStop-1]INFO  o.s.boot.web.servlet.FilterRegistrationBean -Mapping filter: 'requestContextFilter' to: [/*]
2019-10-27 10:46:59.554[main]WARN  o.s.b.f.a.AutowiredAnnotationBeanPostProcessor -Autowired annotation is not supported on static fields: private static java.lang.Integer com.zhixin.wolf.util.CoordinatesUtils.imgW
2019-10-27 10:46:59.554[main]WARN  o.s.b.f.a.AutowiredAnnotationBeanPostProcessor -Autowired annotation is not supported on static fields: private static java.lang.Integer com.zhixin.wolf.util.CoordinatesUtils.imgH
2019-10-27 10:46:59.554[main]WARN  o.s.b.f.a.AutowiredAnnotationBeanPostProcessor -Autowired annotation is not supported on static fields: private static java.lang.Integer com.zhixin.wolf.util.CoordinatesUtils.imgI
2019-10-27 10:46:59.559[main]INFO  com.zhixin.wolf.util.CoordinatesUtils -================获取到定位配置信息start=======================
2019-10-27 10:46:59.559[main]INFO  com.zhixin.wolf.util.CoordinatesUtils -{roomId=1, roomName='卫生间', leftTopX=15, leftTopY=7, leftDownX=15, leftDownY=157, rightTopX=145, rightTopY=7, rightDownX=145, rightDownY=157, centerX=82, centerY=87, mainNumR=3, mainNumC=4}
2019-10-27 10:46:59.559[main]INFO  com.zhixin.wolf.util.CoordinatesUtils -{roomId=2, roomName='讯问室3', leftTopX=159, leftTopY=7, leftDownX=160, leftDownY=99, rightTopX=293, rightTopY=7, rightDownX=293, rightDownY=99, centerX=218, centerY=52, mainNumR=3, mainNumC=2}
2019-10-27 10:46:59.559[main]INFO  com.zhixin.wolf.util.CoordinatesUtils -{roomId=3, roomName='案审指挥室', leftTopX=304, leftTopY=7, leftDownX=304, leftDownY=99, rightTopX=417, rightTopY=7, rightDownX=417, rightDownY=99, centerX=365, centerY=52, mainNumR=3, mainNumC=2}
2019-10-27 10:46:59.559[main]INFO  com.zhixin.wolf.util.CoordinatesUtils -{roomId=4, roomName='讯问室4', leftTopX=428, leftTopY=7, leftDownX=428, leftDownY=99, rightTopX=558, rightTopY=7, rightDownX=558, rightDownY=99, centerX=502, centerY=52, mainNumR=3, mainNumC=2}
2019-10-27 10:46:59.559[main]INFO  com.zhixin.wolf.util.CoordinatesUtils -{roomId=5, roomName='讯问室5', leftTopX=571, leftTopY=7, leftDownX=571, leftDownY=99, rightTopX=702, rightTopY=7, rightDownX=702, rightDownY=99, centerX=637, centerY=52, mainNumR=3, mainNumC=2}
2019-10-27 10:46:59.559[main]INFO  com.zhixin.wolf.util.CoordinatesUtils -{roomId=6, roomName='案件指挥室', leftTopX=715, leftTopY=7, leftDownX=715, leftDownY=99, rightTopX=826, rightTopY=7, rightDownX=826, rightDownY=99, centerX=776, centerY=52, mainNumR=3, mainNumC=2}
2019-10-27 10:46:59.559[main]INFO  com.zhixin.wolf.util.CoordinatesUtils -{roomId=7, roomName='讯问室6', leftTopX=838, leftTopY=7, leftDownX=838, leftDownY=99, rightTopX=970, rightTopY=7, rightDownX=970, rightDownY=99, centerX=912, centerY=52, mainNumR=3, mainNumC=2}
2019-10-27 10:46:59.559[main]INFO  com.zhixin.wolf.util.CoordinatesUtils -{roomId=8, roomName='候问室2', leftTopX=15, leftTopY=167, leftDownX=15, leftDownY=217, rightTopX=196, rightTopY=167, rightDownX=196, rightDownY=216, centerX=107, centerY=193, mainNumR=5, mainNumC=1}
2019-10-27 10:46:59.559[main]INFO  com.zhixin.wolf.util.CoordinatesUtils -{roomId=9, roomName='讯问室2', leftTopX=15, leftTopY=226, leftDownX=15, leftDownY=316, rightTopX=196, rightTopY=226, rightDownX=196, rightDownY=316, centerX=107, centerY=273, mainNumR=5, mainNumC=2}
2019-10-27 10:46:59.560[main]INFO  com.zhixin.wolf.util.CoordinatesUtils -{roomId=10, roomName='讯问室1', leftTopX=15, leftTopY=326, leftDownX=15, leftDownY=410, rightTopX=196, rightTopY=326, rightDownX=196, rightDownY=410, centerX=107, centerY=370, mainNumR=5, mainNumC=2}
2019-10-27 10:46:59.560[main]INFO  com.zhixin.wolf.util.CoordinatesUtils -{roomId=11, roomName='候问室1', leftTopX=15, leftTopY=417, leftDownX=15, leftDownY=468, rightTopX=196, rightTopY=417, rightDownX=196, rightDownY=468, centerX=107, centerY=443, mainNumR=5, mainNumC=1}
2019-10-27 10:46:59.560[main]INFO  com.zhixin.wolf.util.CoordinatesUtils -{roomId=12, roomName='询问室1', leftTopX=1058, leftTopY=178, leftDownX=1058, leftDownY=260, rightTopX=1213, rightTopY=178, rightDownX=1213, rightDownY=260, centerX=1142, centerY=221, mainNumR=4, mainNumC=2}
2019-10-27 10:46:59.560[main]INFO  com.zhixin.wolf.util.CoordinatesUtils -{roomId=13, roomName='候问室3', leftTopX=1058, leftTopY=267, leftDownX=1058, leftDownY=327, rightTopX=1213, rightTopY=267, rightDownX=1213, rightDownY=327, centerX=1142, centerY=297, mainNumR=4, mainNumC=1}
2019-10-27 10:46:59.560[main]INFO  com.zhixin.wolf.util.CoordinatesUtils -{roomId=14, roomName='询问室2', leftTopX=1058, leftTopY=335, leftDownX=1058, leftDownY=415, rightTopX=1213, rightTopY=335, rightDownX=1213, rightDownY=415, centerX=1142, centerY=376, mainNumR=4, mainNumC=2}
2019-10-27 10:46:59.560[main]INFO  com.zhixin.wolf.util.CoordinatesUtils -{roomId=15, roomName='候问室4', leftTopX=1058, leftTopY=421, leftDownX=1058, leftDownY=482, rightTopX=1213, rightTopY=421, rightDownX=1213, rightDownY=482, centerX=1142, centerY=452, mainNumR=4, mainNumC=1}
2019-10-27 10:46:59.560[main]INFO  com.zhixin.wolf.util.CoordinatesUtils -{roomId=17, roomName='医疗室', leftTopX=285, leftTopY=162, leftDownX=285, leftDownY=258, rightTopX=377, rightTopY=162, rightDownX=376, rightDownY=258, centerX=333, centerY=211, mainNumR=2, mainNumC=2}
2019-10-27 10:46:59.560[main]INFO  com.zhixin.wolf.util.CoordinatesUtils -{roomId=16, roomName='约束室', leftTopX=1058, leftTopY=490, leftDownX=1058, leftDownY=566, rightTopX=1213, rightTopY=490, rightDownX=1213, rightDownY=566, centerX=1142, centerY=528, mainNumR=4, mainNumC=2}
2019-10-27 10:46:59.560[main]INFO  com.zhixin.wolf.util.CoordinatesUtils -{roomId=19, roomName='辨认室', leftTopX=517, leftTopY=162, leftDownX=517, leftDownY=258, rightTopX=632, rightTopY=162, rightDownX=632, rightDownY=258, centerX=577, centerY=211, mainNumR=3, mainNumC=2}
2019-10-27 10:46:59.560[main]INFO  com.zhixin.wolf.util.CoordinatesUtils -{roomId=18, roomName='讯问室7', leftTopX=383, leftTopY=162, leftDownX=383, leftDownY=258, rightTopX=512, rightTopY=162, rightDownX=512, rightDownY=258, centerX=453, centerY=211, mainNumR=3, mainNumC=2}
2019-10-27 10:46:59.560[main]INFO  com.zhixin.wolf.util.CoordinatesUtils -{roomId=21, roomName='法制视频监督信息中心', leftTopX=798, leftTopY=162, leftDownX=798, leftDownY=230, rightTopX=970, rightTopY=162, rightDownX=970, rightDownY=230, centerX=883, centerY=198, mainNumR=5, mainNumC=2}
2019-10-27 10:46:59.560[main]INFO  com.zhixin.wolf.util.CoordinatesUtils -{roomId=20, roomName='音视频刻录室', leftTopX=637, leftTopY=162, leftDownX=637, leftDownY=230, rightTopX=792, rightTopY=162, rightDownX=792, rightDownY=230, centerX=716, centerY=198, mainNumR=4, mainNumC=2}
2019-10-27 10:46:59.560[main]INFO  com.zhixin.wolf.util.CoordinatesUtils -{roomId=23, roomName='人员信息采集室', leftTopX=285, leftTopY=330, leftDownX=285, leftDownY=416, rightTopX=433, rightTopY=330, rightDownX=433, rightDownY=416, centerX=361, centerY=372, mainNumR=4, mainNumC=2}
2019-10-27 10:46:59.561[main]INFO  com.zhixin.wolf.util.CoordinatesUtils -{roomId=22, roomName='文印室', leftTopX=285, leftTopY=270, leftDownX=285, leftDownY=325, rightTopX=433, rightTopY=270, rightDownX=433, rightDownY=325, centerX=361, centerY=296, mainNumR=4, mainNumC=1}
2019-10-27 10:46:59.561[main]INFO  com.zhixin.wolf.util.CoordinatesUtils -{roomId=25, roomName='设备间', leftTopX=15, leftTopY=476, leftDownX=15, leftDownY=636, rightTopX=141, rightTopY=476, rightDownX=141, rightDownY=636, centerX=76, centerY=546, mainNumR=3, mainNumC=4}
2019-10-27 10:46:59.561[main]INFO  com.zhixin.wolf.util.CoordinatesUtils -{roomId=24, roomName='案件会商室', leftTopX=438, leftTopY=270, leftDownX=438, leftDownY=415, rightTopX=631, rightTopY=270, rightDownX=631, rightDownY=415, centerX=532, centerY=337, mainNumR=5, mainNumC=4}
2019-10-27 10:46:59.561[main]INFO  com.zhixin.wolf.util.CoordinatesUtils -{roomId=27, roomName='安全检查室', leftTopX=426, leftTopY=476, leftDownX=426, leftDownY=636, rightTopX=532, rightTopY=476, rightDownX=532, rightDownY=636, centerX=481, centerY=546, mainNumR=3, mainNumC=4}
2019-10-27 10:46:59.561[main]INFO  com.zhixin.wolf.util.CoordinatesUtils -{roomId=26, roomName='涉案物品保管室', leftTopX=151, leftTopY=476, leftDownX=151, leftDownY=636, rightTopX=416, rightTopY=476, rightDownX=416, rightDownY=636, centerX=281, centerY=546, mainNumR=7, mainNumC=4}
2019-10-27 10:46:59.561[main]INFO  com.zhixin.wolf.util.CoordinatesUtils -{roomId=29, roomName='测谎室', leftTopX=823, leftTopY=476, leftDownX=823, leftDownY=538, rightTopX=965, rightTopY=476, rightDownX=965, rightDownY=538, centerX=895, centerY=510, mainNumR=4, mainNumC=1}
2019-10-27 10:46:59.561[main]INFO  com.zhixin.wolf.util.CoordinatesUtils -{roomId=28, roomName='值班登记室', leftTopX=541, leftTopY=476, leftDownX=541, leftDownY=636, rightTopX=692, rightTopY=476, rightDownX=692, rightDownY=636, centerX=617, centerY=546, mainNumR=4, mainNumC=4}
2019-10-27 10:46:59.561[main]INFO  com.zhixin.wolf.util.CoordinatesUtils -{roomId=30, roomName='心理测试室', leftTopX=823, leftTopY=547, leftDownX=823, leftDownY=636, rightTopX=965, rightTopY=547, rightDownX=965, rightDownY=636, centerX=893, centerY=591, mainNumR=4, mainNumC=2}
2019-10-27 10:46:59.561[main]INFO  com.zhixin.wolf.util.CoordinatesUtils -================获取到定位配置信息end=========================
2019-10-27 10:47:00.030[main]INFO  o.s.w.s.m.m.a.RequestMappingHandlerAdapter -Looking for @ControllerAdvice: org.springframework.boot.context.embedded.AnnotationConfigEmbeddedWebApplicationContext@76f9d876: startup date [Sun Oct 27 10:46:56 CST 2019]; root of context hierarchy
2019-10-27 10:47:00.143[main]INFO  o.s.w.s.m.m.a.RequestMappingHandlerMapping -Mapped "{[/queryPersonLocations]}" onto private java.util.List<com.zhixin.wolf.entity.PersonLocationEntity> com.zhixin.wolf.controller.MapServicesController.queryPersonLocations()
2019-10-27 10:47:00.149[main]INFO  o.s.w.s.m.m.a.RequestMappingHandlerMapping -Mapped "{[/queryPersonRoundDataBySerialId]}" onto private com.zhixin.wolf.entity.PersonRoundEntity com.zhixin.wolf.controller.MapServicesController.queryPersonRoundDataBySerialId(javax.servlet.http.HttpServletRequest)
2019-10-27 10:47:00.154[main]INFO  o.s.w.s.m.m.a.RequestMappingHandlerMapping -Mapped "{[/error]}" onto public org.springframework.http.ResponseEntity<java.util.Map<java.lang.String, java.lang.Object>> org.springframework.boot.autoconfigure.web.BasicErrorController.error(javax.servlet.http.HttpServletRequest)
2019-10-27 10:47:00.154[main]INFO  o.s.w.s.m.m.a.RequestMappingHandlerMapping -Mapped "{[/error],produces=[text/html]}" onto public org.springframework.web.servlet.ModelAndView org.springframework.boot.autoconfigure.web.BasicErrorController.errorHtml(javax.servlet.http.HttpServletRequest,javax.servlet.http.HttpServletResponse)
2019-10-27 10:47:00.206[main]INFO  o.s.web.servlet.handler.SimpleUrlHandlerMapping -Mapped URL path [/webjars/**] onto handler of type [class org.springframework.web.servlet.resource.ResourceHttpRequestHandler]
2019-10-27 10:47:00.206[main]INFO  o.s.web.servlet.handler.SimpleUrlHandlerMapping -Mapped URL path [/**] onto handler of type [class org.springframework.web.servlet.resource.ResourceHttpRequestHandler]
2019-10-27 10:47:00.283[main]INFO  o.s.web.servlet.handler.SimpleUrlHandlerMapping -Mapped URL path [/**/favicon.ico] onto handler of type [class org.springframework.web.servlet.resource.ResourceHttpRequestHandler]
2019-10-27 10:47:00.630[main]INFO  o.s.jmx.export.annotation.AnnotationMBeanExporter -Registering beans for JMX exposure on startup
2019-10-27 10:47:00.686[main]INFO  org.apache.coyote.http11.Http11NioProtocol -Initializing ProtocolHandler ["http-nio-8080"]
2019-10-27 10:47:00.701[main]INFO  org.apache.coyote.http11.Http11NioProtocol -Starting ProtocolHandler ["http-nio-8080"]
2019-10-27 10:47:00.705[main]ERROR org.apache.coyote.http11.Http11NioProtocol -Failed to start end point associated with ProtocolHandler ["http-nio-8080"]
java.net.BindException: Address already in use: bind
	at sun.nio.ch.Net.bind0(Native Method)
	at sun.nio.ch.Net.bind(Net.java:463)
	at sun.nio.ch.Net.bind(Net.java:455)
	at sun.nio.ch.ServerSocketChannelImpl.bind(ServerSocketChannelImpl.java:223)
	at sun.nio.ch.ServerSocketAdaptor.bind(ServerSocketAdaptor.java:74)
	at org.apache.tomcat.util.net.NioEndpoint.bind(NioEndpoint.java:210)
	at org.apache.tomcat.util.net.AbstractEndpoint.start(AbstractEndpoint.java:978)
	at org.apache.coyote.AbstractProtocol.start(AbstractProtocol.java:628)
	at org.apache.catalina.connector.Connector.startInternal(Connector.java:1022)
	at org.apache.catalina.util.LifecycleBase.start(LifecycleBase.java:150)
	at org.apache.catalina.core.StandardService.addConnector(StandardService.java:225)
	at org.springframework.boot.context.embedded.tomcat.TomcatEmbeddedServletContainer.addPreviouslyRemovedConnectors(TomcatEmbeddedServletContainer.java:250)
	at org.springframework.boot.context.embedded.tomcat.TomcatEmbeddedServletContainer.start(TomcatEmbeddedServletContainer.java:193)
	at org.springframework.boot.context.embedded.EmbeddedWebApplicationContext.startEmbeddedServletContainer(EmbeddedWebApplicationContext.java:297)
	at org.springframework.boot.context.embedded.EmbeddedWebApplicationContext.finishRefresh(EmbeddedWebApplicationContext.java:145)
	at org.springframework.context.support.AbstractApplicationContext.refresh(AbstractApplicationContext.java:546)
	at org.springframework.boot.context.embedded.EmbeddedWebApplicationContext.refresh(EmbeddedWebApplicationContext.java:122)
	at org.springframework.boot.SpringApplication.refresh(SpringApplication.java:693)
	at org.springframework.boot.SpringApplication.refreshContext(SpringApplication.java:360)
	at org.springframework.boot.SpringApplication.run(SpringApplication.java:303)
	at org.springframework.boot.SpringApplication.run(SpringApplication.java:1118)
	at org.springframework.boot.SpringApplication.run(SpringApplication.java:1107)
	at com.zhixin.wolf.main.Map2DServicesApplication.main(Map2DServicesApplication.java:20)
	at sun.reflect.NativeMethodAccessorImpl.invoke0(Native Method)
	at sun.reflect.NativeMethodAccessorImpl.invoke(NativeMethodAccessorImpl.java:57)
	at sun.reflect.DelegatingMethodAccessorImpl.invoke(DelegatingMethodAccessorImpl.java:43)
	at java.lang.reflect.Method.invoke(Method.java:606)
	at com.intellij.rt.execution.application.AppMain.main(AppMain.java:140)
2019-10-27 10:47:00.706[main]ERROR org.apache.catalina.core.StandardService -Failed to start connector [Connector[HTTP/1.1-8080]]
org.apache.catalina.LifecycleException: Failed to start component [Connector[HTTP/1.1-8080]]
	at org.apache.catalina.util.LifecycleBase.start(LifecycleBase.java:167)
	at org.apache.catalina.core.StandardService.addConnector(StandardService.java:225)
	at org.springframework.boot.context.embedded.tomcat.TomcatEmbeddedServletContainer.addPreviouslyRemovedConnectors(TomcatEmbeddedServletContainer.java:250)
	at org.springframework.boot.context.embedded.tomcat.TomcatEmbeddedServletContainer.start(TomcatEmbeddedServletContainer.java:193)
	at org.springframework.boot.context.embedded.EmbeddedWebApplicationContext.startEmbeddedServletContainer(EmbeddedWebApplicationContext.java:297)
	at org.springframework.boot.context.embedded.EmbeddedWebApplicationContext.finishRefresh(EmbeddedWebApplicationContext.java:145)
	at org.springframework.context.support.AbstractApplicationContext.refresh(AbstractApplicationContext.java:546)
	at org.springframework.boot.context.embedded.EmbeddedWebApplicationContext.refresh(EmbeddedWebApplicationContext.java:122)
	at org.springframework.boot.SpringApplication.refresh(SpringApplication.java:693)
	at org.springframework.boot.SpringApplication.refreshContext(SpringApplication.java:360)
	at org.springframework.boot.SpringApplication.run(SpringApplication.java:303)
	at org.springframework.boot.SpringApplication.run(SpringApplication.java:1118)
	at org.springframework.boot.SpringApplication.run(SpringApplication.java:1107)
	at com.zhixin.wolf.main.Map2DServicesApplication.main(Map2DServicesApplication.java:20)
	at sun.reflect.NativeMethodAccessorImpl.invoke0(Native Method)
	at sun.reflect.NativeMethodAccessorImpl.invoke(NativeMethodAccessorImpl.java:57)
	at sun.reflect.DelegatingMethodAccessorImpl.invoke(DelegatingMethodAccessorImpl.java:43)
	at java.lang.reflect.Method.invoke(Method.java:606)
	at com.intellij.rt.execution.application.AppMain.main(AppMain.java:140)
Caused by: org.apache.catalina.LifecycleException: service.getName(): "Tomcat";  Protocol handler start failed
	at org.apache.catalina.connector.Connector.startInternal(Connector.java:1029)
	at org.apache.catalina.util.LifecycleBase.start(LifecycleBase.java:150)
	... 18 common frames omitted
Caused by: java.net.BindException: Address already in use: bind
	at sun.nio.ch.Net.bind0(Native Method)
	at sun.nio.ch.Net.bind(Net.java:463)
	at sun.nio.ch.Net.bind(Net.java:455)
	at sun.nio.ch.ServerSocketChannelImpl.bind(ServerSocketChannelImpl.java:223)
	at sun.nio.ch.ServerSocketAdaptor.bind(ServerSocketAdaptor.java:74)
	at org.apache.tomcat.util.net.NioEndpoint.bind(NioEndpoint.java:210)
	at org.apache.tomcat.util.net.AbstractEndpoint.start(AbstractEndpoint.java:978)
	at org.apache.coyote.AbstractProtocol.start(AbstractProtocol.java:628)
	at org.apache.catalina.connector.Connector.startInternal(Connector.java:1022)
	... 19 common frames omitted
2019-10-27 10:47:00.720[main]INFO  org.apache.coyote.http11.Http11NioProtocol -Pausing ProtocolHandler ["http-nio-8080"]
2019-10-27 10:47:00.721[main]INFO  org.apache.catalina.core.StandardService -Stopping service [Tomcat]
2019-10-27 10:47:00.736[main]INFO  org.apache.catalina.util.LifecycleBase -The stop() method was called on component [StandardServer[-1]] after stop() had already been called. The second call will be ignored.
2019-10-27 10:47:00.736[main]INFO  org.apache.coyote.http11.Http11NioProtocol -Stopping ProtocolHandler ["http-nio-8080"]
2019-10-27 10:47:00.737[main]INFO  org.apache.coyote.http11.Http11NioProtocol -Destroying ProtocolHandler ["http-nio-8080"]
2019-10-27 10:47:00.742[main]INFO  o.s.b.a.l.AutoConfigurationReportLoggingInitializer -

Error starting ApplicationContext. To display the auto-configuration report re-run your application with 'debug' enabled.
2019-10-27 10:47:00.748[main]ERROR o.s.b.diagnostics.LoggingFailureAnalysisReporter -

***************************
APPLICATION FAILED TO START
***************************

Description:

The Tomcat connector configured to listen on port 8080 failed to start. The port may already be in use or the connector may be misconfigured.

Action:

Verify the connector's configuration, identify and stop any process that's listening on port 8080, or configure this application to listen on another port.

2019-10-27 10:47:00.750[main]INFO  o.s.b.c.e.AnnotationConfigEmbeddedWebApplicationContext -Closing org.springframework.boot.context.embedded.AnnotationConfigEmbeddedWebApplicationContext@76f9d876: startup date [Sun Oct 27 10:46:56 CST 2019]; root of context hierarchy
2019-10-27 10:47:00.752[main]INFO  o.s.jmx.export.annotation.AnnotationMBeanExporter -Unregistering JMX-exposed beans on shutdown
2019-10-27 10:47:12.670[main]INFO  com.zhixin.wolf.main.Map2DServicesApplication -Starting Map2DServicesApplication on DESKTOP-AFF7SD3 with PID 35088 (started by wolf in D:\item\2D效果\map-2D-client)
2019-10-27 10:47:12.674[main]INFO  com.zhixin.wolf.main.Map2DServicesApplication -No active profile set, falling back to default profiles: default
2019-10-27 10:47:12.781[main]INFO  o.s.b.c.e.AnnotationConfigEmbeddedWebApplicationContext -Refreshing org.springframework.boot.context.embedded.AnnotationConfigEmbeddedWebApplicationContext@3096c157: startup date [Sun Oct 27 10:47:12 CST 2019]; root of context hierarchy
2019-10-27 10:47:13.767[background-preinit]INFO  org.hibernate.validator.internal.util.Version -HV000001: Hibernate Validator 5.3.5.Final
2019-10-27 10:47:15.019[main]INFO  o.s.b.c.e.tomcat.TomcatEmbeddedServletContainer -Tomcat initialized with port(s): 8080 (http)
2019-10-27 10:47:15.030[main]INFO  org.apache.catalina.core.StandardService -Starting service [Tomcat]
2019-10-27 10:47:15.031[main]INFO  org.apache.catalina.core.StandardEngine -Starting Servlet Engine: Apache Tomcat/8.5.15
2019-10-27 10:47:15.163[localhost-startStop-1]INFO  o.a.c.core.ContainerBase.[Tomcat].[localhost].[/] -Initializing Spring embedded WebApplicationContext
2019-10-27 10:47:15.163[localhost-startStop-1]INFO  org.springframework.web.context.ContextLoader -Root WebApplicationContext: initialization completed in 2382 ms
2019-10-27 10:47:15.388[localhost-startStop-1]INFO  o.s.boot.web.servlet.ServletRegistrationBean -Mapping servlet: 'dispatcherServlet' to [/]
2019-10-27 10:47:15.411[localhost-startStop-1]INFO  o.s.boot.web.servlet.FilterRegistrationBean -Mapping filter: 'characterEncodingFilter' to: [/*]
2019-10-27 10:47:15.411[localhost-startStop-1]INFO  o.s.boot.web.servlet.FilterRegistrationBean -Mapping filter: 'hiddenHttpMethodFilter' to: [/*]
2019-10-27 10:47:15.411[localhost-startStop-1]INFO  o.s.boot.web.servlet.FilterRegistrationBean -Mapping filter: 'httpPutFormContentFilter' to: [/*]
2019-10-27 10:47:15.411[localhost-startStop-1]INFO  o.s.boot.web.servlet.FilterRegistrationBean -Mapping filter: 'requestContextFilter' to: [/*]
2019-10-27 10:47:15.461[main]WARN  o.s.b.f.a.AutowiredAnnotationBeanPostProcessor -Autowired annotation is not supported on static fields: private static java.lang.Integer com.zhixin.wolf.util.CoordinatesUtils.imgW
2019-10-27 10:47:15.462[main]WARN  o.s.b.f.a.AutowiredAnnotationBeanPostProcessor -Autowired annotation is not supported on static fields: private static java.lang.Integer com.zhixin.wolf.util.CoordinatesUtils.imgH
2019-10-27 10:47:15.462[main]WARN  o.s.b.f.a.AutowiredAnnotationBeanPostProcessor -Autowired annotation is not supported on static fields: private static java.lang.Integer com.zhixin.wolf.util.CoordinatesUtils.imgI
2019-10-27 10:47:15.467[main]INFO  com.zhixin.wolf.util.CoordinatesUtils -================获取到定位配置信息start=======================
2019-10-27 10:47:15.467[main]INFO  com.zhixin.wolf.util.CoordinatesUtils -{roomId=1, roomName='卫生间', leftTopX=15, leftTopY=7, leftDownX=15, leftDownY=157, rightTopX=145, rightTopY=7, rightDownX=145, rightDownY=157, centerX=82, centerY=87, mainNumR=3, mainNumC=4}
2019-10-27 10:47:15.467[main]INFO  com.zhixin.wolf.util.CoordinatesUtils -{roomId=2, roomName='讯问室3', leftTopX=159, leftTopY=7, leftDownX=160, leftDownY=99, rightTopX=293, rightTopY=7, rightDownX=293, rightDownY=99, centerX=218, centerY=52, mainNumR=3, mainNumC=2}
2019-10-27 10:47:15.467[main]INFO  com.zhixin.wolf.util.CoordinatesUtils -{roomId=3, roomName='案审指挥室', leftTopX=304, leftTopY=7, leftDownX=304, leftDownY=99, rightTopX=417, rightTopY=7, rightDownX=417, rightDownY=99, centerX=365, centerY=52, mainNumR=3, mainNumC=2}
2019-10-27 10:47:15.467[main]INFO  com.zhixin.wolf.util.CoordinatesUtils -{roomId=4, roomName='讯问室4', leftTopX=428, leftTopY=7, leftDownX=428, leftDownY=99, rightTopX=558, rightTopY=7, rightDownX=558, rightDownY=99, centerX=502, centerY=52, mainNumR=3, mainNumC=2}
2019-10-27 10:47:15.467[main]INFO  com.zhixin.wolf.util.CoordinatesUtils -{roomId=5, roomName='讯问室5', leftTopX=571, leftTopY=7, leftDownX=571, leftDownY=99, rightTopX=702, rightTopY=7, rightDownX=702, rightDownY=99, centerX=637, centerY=52, mainNumR=3, mainNumC=2}
2019-10-27 10:47:15.467[main]INFO  com.zhixin.wolf.util.CoordinatesUtils -{roomId=6, roomName='案件指挥室', leftTopX=715, leftTopY=7, leftDownX=715, leftDownY=99, rightTopX=826, rightTopY=7, rightDownX=826, rightDownY=99, centerX=776, centerY=52, mainNumR=3, mainNumC=2}
2019-10-27 10:47:15.467[main]INFO  com.zhixin.wolf.util.CoordinatesUtils -{roomId=7, roomName='讯问室6', leftTopX=838, leftTopY=7, leftDownX=838, leftDownY=99, rightTopX=970, rightTopY=7, rightDownX=970, rightDownY=99, centerX=912, centerY=52, mainNumR=3, mainNumC=2}
2019-10-27 10:47:15.467[main]INFO  com.zhixin.wolf.util.CoordinatesUtils -{roomId=8, roomName='候问室2', leftTopX=15, leftTopY=167, leftDownX=15, leftDownY=217, rightTopX=196, rightTopY=167, rightDownX=196, rightDownY=216, centerX=107, centerY=193, mainNumR=5, mainNumC=1}
2019-10-27 10:47:15.467[main]INFO  com.zhixin.wolf.util.CoordinatesUtils -{roomId=9, roomName='讯问室2', leftTopX=15, leftTopY=226, leftDownX=15, leftDownY=316, rightTopX=196, rightTopY=226, rightDownX=196, rightDownY=316, centerX=107, centerY=273, mainNumR=5, mainNumC=2}
2019-10-27 10:47:15.467[main]INFO  com.zhixin.wolf.util.CoordinatesUtils -{roomId=10, roomName='讯问室1', leftTopX=15, leftTopY=326, leftDownX=15, leftDownY=410, rightTopX=196, rightTopY=326, rightDownX=196, rightDownY=410, centerX=107, centerY=370, mainNumR=5, mainNumC=2}
2019-10-27 10:47:15.467[main]INFO  com.zhixin.wolf.util.CoordinatesUtils -{roomId=11, roomName='候问室1', leftTopX=15, leftTopY=417, leftDownX=15, leftDownY=468, rightTopX=196, rightTopY=417, rightDownX=196, rightDownY=468, centerX=107, centerY=443, mainNumR=5, mainNumC=1}
2019-10-27 10:47:15.468[main]INFO  com.zhixin.wolf.util.CoordinatesUtils -{roomId=12, roomName='询问室1', leftTopX=1058, leftTopY=178, leftDownX=1058, leftDownY=260, rightTopX=1213, rightTopY=178, rightDownX=1213, rightDownY=260, centerX=1142, centerY=221, mainNumR=4, mainNumC=2}
2019-10-27 10:47:15.468[main]INFO  com.zhixin.wolf.util.CoordinatesUtils -{roomId=13, roomName='候问室3', leftTopX=1058, leftTopY=267, leftDownX=1058, leftDownY=327, rightTopX=1213, rightTopY=267, rightDownX=1213, rightDownY=327, centerX=1142, centerY=297, mainNumR=4, mainNumC=1}
2019-10-27 10:47:15.468[main]INFO  com.zhixin.wolf.util.CoordinatesUtils -{roomId=14, roomName='询问室2', leftTopX=1058, leftTopY=335, leftDownX=1058, leftDownY=415, rightTopX=1213, rightTopY=335, rightDownX=1213, rightDownY=415, centerX=1142, centerY=376, mainNumR=4, mainNumC=2}
2019-10-27 10:47:15.468[main]INFO  com.zhixin.wolf.util.CoordinatesUtils -{roomId=15, roomName='候问室4', leftTopX=1058, leftTopY=421, leftDownX=1058, leftDownY=482, rightTopX=1213, rightTopY=421, rightDownX=1213, rightDownY=482, centerX=1142, centerY=452, mainNumR=4, mainNumC=1}
2019-10-27 10:47:15.469[main]INFO  com.zhixin.wolf.util.CoordinatesUtils -{roomId=17, roomName='医疗室', leftTopX=285, leftTopY=162, leftDownX=285, leftDownY=258, rightTopX=377, rightTopY=162, rightDownX=376, rightDownY=258, centerX=333, centerY=211, mainNumR=2, mainNumC=2}
2019-10-27 10:47:15.469[main]INFO  com.zhixin.wolf.util.CoordinatesUtils -{roomId=16, roomName='约束室', leftTopX=1058, leftTopY=490, leftDownX=1058, leftDownY=566, rightTopX=1213, rightTopY=490, rightDownX=1213, rightDownY=566, centerX=1142, centerY=528, mainNumR=4, mainNumC=2}
2019-10-27 10:47:15.469[main]INFO  com.zhixin.wolf.util.CoordinatesUtils -{roomId=19, roomName='辨认室', leftTopX=517, leftTopY=162, leftDownX=517, leftDownY=258, rightTopX=632, rightTopY=162, rightDownX=632, rightDownY=258, centerX=577, centerY=211, mainNumR=3, mainNumC=2}
2019-10-27 10:47:15.469[main]INFO  com.zhixin.wolf.util.CoordinatesUtils -{roomId=18, roomName='讯问室7', leftTopX=383, leftTopY=162, leftDownX=383, leftDownY=258, rightTopX=512, rightTopY=162, rightDownX=512, rightDownY=258, centerX=453, centerY=211, mainNumR=3, mainNumC=2}
2019-10-27 10:47:15.469[main]INFO  com.zhixin.wolf.util.CoordinatesUtils -{roomId=21, roomName='法制视频监督信息中心', leftTopX=798, leftTopY=162, leftDownX=798, leftDownY=230, rightTopX=970, rightTopY=162, rightDownX=970, rightDownY=230, centerX=883, centerY=198, mainNumR=5, mainNumC=2}
2019-10-27 10:47:15.469[main]INFO  com.zhixin.wolf.util.CoordinatesUtils -{roomId=20, roomName='音视频刻录室', leftTopX=637, leftTopY=162, leftDownX=637, leftDownY=230, rightTopX=792, rightTopY=162, rightDownX=792, rightDownY=230, centerX=716, centerY=198, mainNumR=4, mainNumC=2}
2019-10-27 10:47:15.470[main]INFO  com.zhixin.wolf.util.CoordinatesUtils -{roomId=23, roomName='人员信息采集室', leftTopX=285, leftTopY=330, leftDownX=285, leftDownY=416, rightTopX=433, rightTopY=330, rightDownX=433, rightDownY=416, centerX=361, centerY=372, mainNumR=4, mainNumC=2}
2019-10-27 10:47:15.470[main]INFO  com.zhixin.wolf.util.CoordinatesUtils -{roomId=22, roomName='文印室', leftTopX=285, leftTopY=270, leftDownX=285, leftDownY=325, rightTopX=433, rightTopY=270, rightDownX=433, rightDownY=325, centerX=361, centerY=296, mainNumR=4, mainNumC=1}
2019-10-27 10:47:15.470[main]INFO  com.zhixin.wolf.util.CoordinatesUtils -{roomId=25, roomName='设备间', leftTopX=15, leftTopY=476, leftDownX=15, leftDownY=636, rightTopX=141, rightTopY=476, rightDownX=141, rightDownY=636, centerX=76, centerY=546, mainNumR=3, mainNumC=4}
2019-10-27 10:47:15.470[main]INFO  com.zhixin.wolf.util.CoordinatesUtils -{roomId=24, roomName='案件会商室', leftTopX=438, leftTopY=270, leftDownX=438, leftDownY=415, rightTopX=631, rightTopY=270, rightDownX=631, rightDownY=415, centerX=532, centerY=337, mainNumR=5, mainNumC=4}
2019-10-27 10:47:15.470[main]INFO  com.zhixin.wolf.util.CoordinatesUtils -{roomId=27, roomName='安全检查室', leftTopX=426, leftTopY=476, leftDownX=426, leftDownY=636, rightTopX=532, rightTopY=476, rightDownX=532, rightDownY=636, centerX=481, centerY=546, mainNumR=3, mainNumC=4}
2019-10-27 10:47:15.470[main]INFO  com.zhixin.wolf.util.CoordinatesUtils -{roomId=26, roomName='涉案物品保管室', leftTopX=151, leftTopY=476, leftDownX=151, leftDownY=636, rightTopX=416, rightTopY=476, rightDownX=416, rightDownY=636, centerX=281, centerY=546, mainNumR=7, mainNumC=4}
2019-10-27 10:47:15.470[main]INFO  com.zhixin.wolf.util.CoordinatesUtils -{roomId=29, roomName='测谎室', leftTopX=823, leftTopY=476, leftDownX=823, leftDownY=538, rightTopX=965, rightTopY=476, rightDownX=965, rightDownY=538, centerX=895, centerY=510, mainNumR=4, mainNumC=1}
2019-10-27 10:47:15.470[main]INFO  com.zhixin.wolf.util.CoordinatesUtils -{roomId=28, roomName='值班登记室', leftTopX=541, leftTopY=476, leftDownX=541, leftDownY=636, rightTopX=692, rightTopY=476, rightDownX=692, rightDownY=636, centerX=617, centerY=546, mainNumR=4, mainNumC=4}
2019-10-27 10:47:15.470[main]INFO  com.zhixin.wolf.util.CoordinatesUtils -{roomId=30, roomName='心理测试室', leftTopX=823, leftTopY=547, leftDownX=823, leftDownY=636, rightTopX=965, rightTopY=547, rightDownX=965, rightDownY=636, centerX=893, centerY=591, mainNumR=4, mainNumC=2}
2019-10-27 10:47:15.470[main]INFO  com.zhixin.wolf.util.CoordinatesUtils -================获取到定位配置信息end=========================
2019-10-27 10:47:15.900[main]INFO  o.s.w.s.m.m.a.RequestMappingHandlerAdapter -Looking for @ControllerAdvice: org.springframework.boot.context.embedded.AnnotationConfigEmbeddedWebApplicationContext@3096c157: startup date [Sun Oct 27 10:47:12 CST 2019]; root of context hierarchy
2019-10-27 10:47:15.988[main]INFO  o.s.w.s.m.m.a.RequestMappingHandlerMapping -Mapped "{[/queryPersonLocations]}" onto private java.util.List<com.zhixin.wolf.entity.PersonLocationEntity> com.zhixin.wolf.controller.MapServicesController.queryPersonLocations()
2019-10-27 10:47:15.992[main]INFO  o.s.w.s.m.m.a.RequestMappingHandlerMapping -Mapped "{[/queryPersonRoundDataBySerialId]}" onto private com.zhixin.wolf.entity.PersonRoundEntity com.zhixin.wolf.controller.MapServicesController.queryPersonRoundDataBySerialId(javax.servlet.http.HttpServletRequest)
2019-10-27 10:47:15.998[main]INFO  o.s.w.s.m.m.a.RequestMappingHandlerMapping -Mapped "{[/error]}" onto public org.springframework.http.ResponseEntity<java.util.Map<java.lang.String, java.lang.Object>> org.springframework.boot.autoconfigure.web.BasicErrorController.error(javax.servlet.http.HttpServletRequest)
2019-10-27 10:47:15.999[main]INFO  o.s.w.s.m.m.a.RequestMappingHandlerMapping -Mapped "{[/error],produces=[text/html]}" onto public org.springframework.web.servlet.ModelAndView org.springframework.boot.autoconfigure.web.BasicErrorController.errorHtml(javax.servlet.http.HttpServletRequest,javax.servlet.http.HttpServletResponse)
2019-10-27 10:47:16.053[main]INFO  o.s.web.servlet.handler.SimpleUrlHandlerMapping -Mapped URL path [/webjars/**] onto handler of type [class org.springframework.web.servlet.resource.ResourceHttpRequestHandler]
2019-10-27 10:47:16.053[main]INFO  o.s.web.servlet.handler.SimpleUrlHandlerMapping -Mapped URL path [/**] onto handler of type [class org.springframework.web.servlet.resource.ResourceHttpRequestHandler]
2019-10-27 10:47:16.107[main]INFO  o.s.web.servlet.handler.SimpleUrlHandlerMapping -Mapped URL path [/**/favicon.ico] onto handler of type [class org.springframework.web.servlet.resource.ResourceHttpRequestHandler]
2019-10-27 10:47:16.495[main]INFO  o.s.jmx.export.annotation.AnnotationMBeanExporter -Registering beans for JMX exposure on startup
2019-10-27 10:47:16.551[main]INFO  org.apache.coyote.http11.Http11NioProtocol -Initializing ProtocolHandler ["http-nio-8080"]
2019-10-27 10:47:16.562[main]INFO  org.apache.coyote.http11.Http11NioProtocol -Starting ProtocolHandler ["http-nio-8080"]
2019-10-27 10:47:16.568[main]ERROR org.apache.coyote.http11.Http11NioProtocol -Failed to start end point associated with ProtocolHandler ["http-nio-8080"]
java.net.BindException: Address already in use: bind
	at sun.nio.ch.Net.bind0(Native Method)
	at sun.nio.ch.Net.bind(Net.java:463)
	at sun.nio.ch.Net.bind(Net.java:455)
	at sun.nio.ch.ServerSocketChannelImpl.bind(ServerSocketChannelImpl.java:223)
	at sun.nio.ch.ServerSocketAdaptor.bind(ServerSocketAdaptor.java:74)
	at org.apache.tomcat.util.net.NioEndpoint.bind(NioEndpoint.java:210)
	at org.apache.tomcat.util.net.AbstractEndpoint.start(AbstractEndpoint.java:978)
	at org.apache.coyote.AbstractProtocol.start(AbstractProtocol.java:628)
	at org.apache.catalina.connector.Connector.startInternal(Connector.java:1022)
	at org.apache.catalina.util.LifecycleBase.start(LifecycleBase.java:150)
	at org.apache.catalina.core.StandardService.addConnector(StandardService.java:225)
	at org.springframework.boot.context.embedded.tomcat.TomcatEmbeddedServletContainer.addPreviouslyRemovedConnectors(TomcatEmbeddedServletContainer.java:250)
	at org.springframework.boot.context.embedded.tomcat.TomcatEmbeddedServletContainer.start(TomcatEmbeddedServletContainer.java:193)
	at org.springframework.boot.context.embedded.EmbeddedWebApplicationContext.startEmbeddedServletContainer(EmbeddedWebApplicationContext.java:297)
	at org.springframework.boot.context.embedded.EmbeddedWebApplicationContext.finishRefresh(EmbeddedWebApplicationContext.java:145)
	at org.springframework.context.support.AbstractApplicationContext.refresh(AbstractApplicationContext.java:546)
	at org.springframework.boot.context.embedded.EmbeddedWebApplicationContext.refresh(EmbeddedWebApplicationContext.java:122)
	at org.springframework.boot.SpringApplication.refresh(SpringApplication.java:693)
	at org.springframework.boot.SpringApplication.refreshContext(SpringApplication.java:360)
	at org.springframework.boot.SpringApplication.run(SpringApplication.java:303)
	at org.springframework.boot.SpringApplication.run(SpringApplication.java:1118)
	at org.springframework.boot.SpringApplication.run(SpringApplication.java:1107)
	at com.zhixin.wolf.main.Map2DServicesApplication.main(Map2DServicesApplication.java:20)
	at sun.reflect.NativeMethodAccessorImpl.invoke0(Native Method)
	at sun.reflect.NativeMethodAccessorImpl.invoke(NativeMethodAccessorImpl.java:57)
	at sun.reflect.DelegatingMethodAccessorImpl.invoke(DelegatingMethodAccessorImpl.java:43)
	at java.lang.reflect.Method.invoke(Method.java:606)
	at com.intellij.rt.execution.application.AppMain.main(AppMain.java:140)
2019-10-27 10:47:16.570[main]ERROR org.apache.catalina.core.StandardService -Failed to start connector [Connector[HTTP/1.1-8080]]
org.apache.catalina.LifecycleException: Failed to start component [Connector[HTTP/1.1-8080]]
	at org.apache.catalina.util.LifecycleBase.start(LifecycleBase.java:167)
	at org.apache.catalina.core.StandardService.addConnector(StandardService.java:225)
	at org.springframework.boot.context.embedded.tomcat.TomcatEmbeddedServletContainer.addPreviouslyRemovedConnectors(TomcatEmbeddedServletContainer.java:250)
	at org.springframework.boot.context.embedded.tomcat.TomcatEmbeddedServletContainer.start(TomcatEmbeddedServletContainer.java:193)
	at org.springframework.boot.context.embedded.EmbeddedWebApplicationContext.startEmbeddedServletContainer(EmbeddedWebApplicationContext.java:297)
	at org.springframework.boot.context.embedded.EmbeddedWebApplicationContext.finishRefresh(EmbeddedWebApplicationContext.java:145)
	at org.springframework.context.support.AbstractApplicationContext.refresh(AbstractApplicationContext.java:546)
	at org.springframework.boot.context.embedded.EmbeddedWebApplicationContext.refresh(EmbeddedWebApplicationContext.java:122)
	at org.springframework.boot.SpringApplication.refresh(SpringApplication.java:693)
	at org.springframework.boot.SpringApplication.refreshContext(SpringApplication.java:360)
	at org.springframework.boot.SpringApplication.run(SpringApplication.java:303)
	at org.springframework.boot.SpringApplication.run(SpringApplication.java:1118)
	at org.springframework.boot.SpringApplication.run(SpringApplication.java:1107)
	at com.zhixin.wolf.main.Map2DServicesApplication.main(Map2DServicesApplication.java:20)
	at sun.reflect.NativeMethodAccessorImpl.invoke0(Native Method)
	at sun.reflect.NativeMethodAccessorImpl.invoke(NativeMethodAccessorImpl.java:57)
	at sun.reflect.DelegatingMethodAccessorImpl.invoke(DelegatingMethodAccessorImpl.java:43)
	at java.lang.reflect.Method.invoke(Method.java:606)
	at com.intellij.rt.execution.application.AppMain.main(AppMain.java:140)
Caused by: org.apache.catalina.LifecycleException: service.getName(): "Tomcat";  Protocol handler start failed
	at org.apache.catalina.connector.Connector.startInternal(Connector.java:1029)
	at org.apache.catalina.util.LifecycleBase.start(LifecycleBase.java:150)
	... 18 common frames omitted
Caused by: java.net.BindException: Address already in use: bind
	at sun.nio.ch.Net.bind0(Native Method)
	at sun.nio.ch.Net.bind(Net.java:463)
	at sun.nio.ch.Net.bind(Net.java:455)
	at sun.nio.ch.ServerSocketChannelImpl.bind(ServerSocketChannelImpl.java:223)
	at sun.nio.ch.ServerSocketAdaptor.bind(ServerSocketAdaptor.java:74)
	at org.apache.tomcat.util.net.NioEndpoint.bind(NioEndpoint.java:210)
	at org.apache.tomcat.util.net.AbstractEndpoint.start(AbstractEndpoint.java:978)
	at org.apache.coyote.AbstractProtocol.start(AbstractProtocol.java:628)
	at org.apache.catalina.connector.Connector.startInternal(Connector.java:1022)
	... 19 common frames omitted
2019-10-27 10:47:16.581[main]INFO  org.apache.coyote.http11.Http11NioProtocol -Pausing ProtocolHandler ["http-nio-8080"]
2019-10-27 10:47:16.581[main]INFO  org.apache.catalina.core.StandardService -Stopping service [Tomcat]
2019-10-27 10:47:16.591[main]INFO  org.apache.catalina.util.LifecycleBase -The stop() method was called on component [StandardServer[-1]] after stop() had already been called. The second call will be ignored.
2019-10-27 10:47:16.592[main]INFO  org.apache.coyote.http11.Http11NioProtocol -Stopping ProtocolHandler ["http-nio-8080"]
2019-10-27 10:47:16.592[main]INFO  org.apache.coyote.http11.Http11NioProtocol -Destroying ProtocolHandler ["http-nio-8080"]
2019-10-27 10:47:16.595[main]INFO  o.s.b.a.l.AutoConfigurationReportLoggingInitializer -

Error starting ApplicationContext. To display the auto-configuration report re-run your application with 'debug' enabled.
2019-10-27 10:47:16.599[main]ERROR o.s.b.diagnostics.LoggingFailureAnalysisReporter -

***************************
APPLICATION FAILED TO START
***************************

Description:

The Tomcat connector configured to listen on port 8080 failed to start. The port may already be in use or the connector may be misconfigured.

Action:

Verify the connector's configuration, identify and stop any process that's listening on port 8080, or configure this application to listen on another port.

2019-10-27 10:47:16.600[main]INFO  o.s.b.c.e.AnnotationConfigEmbeddedWebApplicationContext -Closing org.springframework.boot.context.embedded.AnnotationConfigEmbeddedWebApplicationContext@3096c157: startup date [Sun Oct 27 10:47:12 CST 2019]; root of context hierarchy
2019-10-27 10:47:16.603[main]INFO  o.s.jmx.export.annotation.AnnotationMBeanExporter -Unregistering JMX-exposed beans on shutdown
2019-10-27 10:47:29.669[main]INFO  com.zhixin.wolf.main.Map2DServicesApplication -Starting Map2DServicesApplication on DESKTOP-AFF7SD3 with PID 20896 (started by wolf in D:\item\2D效果\map-2D-client)
2019-10-27 10:47:29.672[main]INFO  com.zhixin.wolf.main.Map2DServicesApplication -No active profile set, falling back to default profiles: default
2019-10-27 10:47:29.782[main]INFO  o.s.b.c.e.AnnotationConfigEmbeddedWebApplicationContext -Refreshing org.springframework.boot.context.embedded.AnnotationConfigEmbeddedWebApplicationContext@72ccd846: startup date [Sun Oct 27 10:47:29 CST 2019]; root of context hierarchy
2019-10-27 10:47:30.724[background-preinit]INFO  org.hibernate.validator.internal.util.Version -HV000001: Hibernate Validator 5.3.5.Final
2019-10-27 10:47:32.009[main]INFO  o.s.b.c.e.tomcat.TomcatEmbeddedServletContainer -Tomcat initialized with port(s): 8080 (http)
2019-10-27 10:47:32.020[main]INFO  org.apache.catalina.core.StandardService -Starting service [Tomcat]
2019-10-27 10:47:32.021[main]INFO  org.apache.catalina.core.StandardEngine -Starting Servlet Engine: Apache Tomcat/8.5.15
2019-10-27 10:47:32.142[localhost-startStop-1]INFO  o.a.c.core.ContainerBase.[Tomcat].[localhost].[/] -Initializing Spring embedded WebApplicationContext
2019-10-27 10:47:32.142[localhost-startStop-1]INFO  org.springframework.web.context.ContextLoader -Root WebApplicationContext: initialization completed in 2360 ms
2019-10-27 10:47:32.338[localhost-startStop-1]INFO  o.s.boot.web.servlet.ServletRegistrationBean -Mapping servlet: 'dispatcherServlet' to [/]
2019-10-27 10:47:32.363[localhost-startStop-1]INFO  o.s.boot.web.servlet.FilterRegistrationBean -Mapping filter: 'characterEncodingFilter' to: [/*]
2019-10-27 10:47:32.364[localhost-startStop-1]INFO  o.s.boot.web.servlet.FilterRegistrationBean -Mapping filter: 'hiddenHttpMethodFilter' to: [/*]
2019-10-27 10:47:32.365[localhost-startStop-1]INFO  o.s.boot.web.servlet.FilterRegistrationBean -Mapping filter: 'httpPutFormContentFilter' to: [/*]
2019-10-27 10:47:32.365[localhost-startStop-1]INFO  o.s.boot.web.servlet.FilterRegistrationBean -Mapping filter: 'requestContextFilter' to: [/*]
2019-10-27 10:47:32.417[main]WARN  o.s.b.f.a.AutowiredAnnotationBeanPostProcessor -Autowired annotation is not supported on static fields: private static java.lang.Integer com.zhixin.wolf.util.CoordinatesUtils.imgW
2019-10-27 10:47:32.417[main]WARN  o.s.b.f.a.AutowiredAnnotationBeanPostProcessor -Autowired annotation is not supported on static fields: private static java.lang.Integer com.zhixin.wolf.util.CoordinatesUtils.imgH
2019-10-27 10:47:32.417[main]WARN  o.s.b.f.a.AutowiredAnnotationBeanPostProcessor -Autowired annotation is not supported on static fields: private static java.lang.Integer com.zhixin.wolf.util.CoordinatesUtils.imgI
2019-10-27 10:47:32.421[main]INFO  com.zhixin.wolf.util.CoordinatesUtils -================获取到定位配置信息start=======================
2019-10-27 10:47:32.422[main]INFO  com.zhixin.wolf.util.CoordinatesUtils -{roomId=1, roomName='卫生间', leftTopX=15, leftTopY=7, leftDownX=15, leftDownY=157, rightTopX=145, rightTopY=7, rightDownX=145, rightDownY=157, centerX=82, centerY=87, mainNumR=3, mainNumC=4}
2019-10-27 10:47:32.422[main]INFO  com.zhixin.wolf.util.CoordinatesUtils -{roomId=2, roomName='讯问室3', leftTopX=159, leftTopY=7, leftDownX=160, leftDownY=99, rightTopX=293, rightTopY=7, rightDownX=293, rightDownY=99, centerX=218, centerY=52, mainNumR=3, mainNumC=2}
2019-10-27 10:47:32.422[main]INFO  com.zhixin.wolf.util.CoordinatesUtils -{roomId=3, roomName='案审指挥室', leftTopX=304, leftTopY=7, leftDownX=304, leftDownY=99, rightTopX=417, rightTopY=7, rightDownX=417, rightDownY=99, centerX=365, centerY=52, mainNumR=3, mainNumC=2}
2019-10-27 10:47:32.422[main]INFO  com.zhixin.wolf.util.CoordinatesUtils -{roomId=4, roomName='讯问室4', leftTopX=428, leftTopY=7, leftDownX=428, leftDownY=99, rightTopX=558, rightTopY=7, rightDownX=558, rightDownY=99, centerX=502, centerY=52, mainNumR=3, mainNumC=2}
2019-10-27 10:47:32.422[main]INFO  com.zhixin.wolf.util.CoordinatesUtils -{roomId=5, roomName='讯问室5', leftTopX=571, leftTopY=7, leftDownX=571, leftDownY=99, rightTopX=702, rightTopY=7, rightDownX=702, rightDownY=99, centerX=637, centerY=52, mainNumR=3, mainNumC=2}
2019-10-27 10:47:32.422[main]INFO  com.zhixin.wolf.util.CoordinatesUtils -{roomId=6, roomName='案件指挥室', leftTopX=715, leftTopY=7, leftDownX=715, leftDownY=99, rightTopX=826, rightTopY=7, rightDownX=826, rightDownY=99, centerX=776, centerY=52, mainNumR=3, mainNumC=2}
2019-10-27 10:47:32.422[main]INFO  com.zhixin.wolf.util.CoordinatesUtils -{roomId=7, roomName='讯问室6', leftTopX=838, leftTopY=7, leftDownX=838, leftDownY=99, rightTopX=970, rightTopY=7, rightDownX=970, rightDownY=99, centerX=912, centerY=52, mainNumR=3, mainNumC=2}
2019-10-27 10:47:32.422[main]INFO  com.zhixin.wolf.util.CoordinatesUtils -{roomId=8, roomName='候问室2', leftTopX=15, leftTopY=167, leftDownX=15, leftDownY=217, rightTopX=196, rightTopY=167, rightDownX=196, rightDownY=216, centerX=107, centerY=193, mainNumR=5, mainNumC=1}
2019-10-27 10:47:32.422[main]INFO  com.zhixin.wolf.util.CoordinatesUtils -{roomId=9, roomName='讯问室2', leftTopX=15, leftTopY=226, leftDownX=15, leftDownY=316, rightTopX=196, rightTopY=226, rightDownX=196, rightDownY=316, centerX=107, centerY=273, mainNumR=5, mainNumC=2}
2019-10-27 10:47:32.422[main]INFO  com.zhixin.wolf.util.CoordinatesUtils -{roomId=10, roomName='讯问室1', leftTopX=15, leftTopY=326, leftDownX=15, leftDownY=410, rightTopX=196, rightTopY=326, rightDownX=196, rightDownY=410, centerX=107, centerY=370, mainNumR=5, mainNumC=2}
2019-10-27 10:47:32.422[main]INFO  com.zhixin.wolf.util.CoordinatesUtils -{roomId=11, roomName='候问室1', leftTopX=15, leftTopY=417, leftDownX=15, leftDownY=468, rightTopX=196, rightTopY=417, rightDownX=196, rightDownY=468, centerX=107, centerY=443, mainNumR=5, mainNumC=1}
2019-10-27 10:47:32.422[main]INFO  com.zhixin.wolf.util.CoordinatesUtils -{roomId=12, roomName='询问室1', leftTopX=1058, leftTopY=178, leftDownX=1058, leftDownY=260, rightTopX=1213, rightTopY=178, rightDownX=1213, rightDownY=260, centerX=1142, centerY=221, mainNumR=4, mainNumC=2}
2019-10-27 10:47:32.422[main]INFO  com.zhixin.wolf.util.CoordinatesUtils -{roomId=13, roomName='候问室3', leftTopX=1058, leftTopY=267, leftDownX=1058, leftDownY=327, rightTopX=1213, rightTopY=267, rightDownX=1213, rightDownY=327, centerX=1142, centerY=297, mainNumR=4, mainNumC=1}
2019-10-27 10:47:32.422[main]INFO  com.zhixin.wolf.util.CoordinatesUtils -{roomId=14, roomName='询问室2', leftTopX=1058, leftTopY=335, leftDownX=1058, leftDownY=415, rightTopX=1213, rightTopY=335, rightDownX=1213, rightDownY=415, centerX=1142, centerY=376, mainNumR=4, mainNumC=2}
2019-10-27 10:47:32.423[main]INFO  com.zhixin.wolf.util.CoordinatesUtils -{roomId=15, roomName='候问室4', leftTopX=1058, leftTopY=421, leftDownX=1058, leftDownY=482, rightTopX=1213, rightTopY=421, rightDownX=1213, rightDownY=482, centerX=1142, centerY=452, mainNumR=4, mainNumC=1}
2019-10-27 10:47:32.423[main]INFO  com.zhixin.wolf.util.CoordinatesUtils -{roomId=17, roomName='医疗室', leftTopX=285, leftTopY=162, leftDownX=285, leftDownY=258, rightTopX=377, rightTopY=162, rightDownX=376, rightDownY=258, centerX=333, centerY=211, mainNumR=2, mainNumC=2}
2019-10-27 10:47:32.423[main]INFO  com.zhixin.wolf.util.CoordinatesUtils -{roomId=16, roomName='约束室', leftTopX=1058, leftTopY=490, leftDownX=1058, leftDownY=566, rightTopX=1213, rightTopY=490, rightDownX=1213, rightDownY=566, centerX=1142, centerY=528, mainNumR=4, mainNumC=2}
2019-10-27 10:47:32.423[main]INFO  com.zhixin.wolf.util.CoordinatesUtils -{roomId=19, roomName='辨认室', leftTopX=517, leftTopY=162, leftDownX=517, leftDownY=258, rightTopX=632, rightTopY=162, rightDownX=632, rightDownY=258, centerX=577, centerY=211, mainNumR=3, mainNumC=2}
2019-10-27 10:47:32.423[main]INFO  com.zhixin.wolf.util.CoordinatesUtils -{roomId=18, roomName='讯问室7', leftTopX=383, leftTopY=162, leftDownX=383, leftDownY=258, rightTopX=512, rightTopY=162, rightDownX=512, rightDownY=258, centerX=453, centerY=211, mainNumR=3, mainNumC=2}
2019-10-27 10:47:32.423[main]INFO  com.zhixin.wolf.util.CoordinatesUtils -{roomId=21, roomName='法制视频监督信息中心', leftTopX=798, leftTopY=162, leftDownX=798, leftDownY=230, rightTopX=970, rightTopY=162, rightDownX=970, rightDownY=230, centerX=883, centerY=198, mainNumR=5, mainNumC=2}
2019-10-27 10:47:32.423[main]INFO  com.zhixin.wolf.util.CoordinatesUtils -{roomId=20, roomName='音视频刻录室', leftTopX=637, leftTopY=162, leftDownX=637, leftDownY=230, rightTopX=792, rightTopY=162, rightDownX=792, rightDownY=230, centerX=716, centerY=198, mainNumR=4, mainNumC=2}
2019-10-27 10:47:32.423[main]INFO  com.zhixin.wolf.util.CoordinatesUtils -{roomId=23, roomName='人员信息采集室', leftTopX=285, leftTopY=330, leftDownX=285, leftDownY=416, rightTopX=433, rightTopY=330, rightDownX=433, rightDownY=416, centerX=361, centerY=372, mainNumR=4, mainNumC=2}
2019-10-27 10:47:32.423[main]INFO  com.zhixin.wolf.util.CoordinatesUtils -{roomId=22, roomName='文印室', leftTopX=285, leftTopY=270, leftDownX=285, leftDownY=325, rightTopX=433, rightTopY=270, rightDownX=433, rightDownY=325, centerX=361, centerY=296, mainNumR=4, mainNumC=1}
2019-10-27 10:47:32.423[main]INFO  com.zhixin.wolf.util.CoordinatesUtils -{roomId=25, roomName='设备间', leftTopX=15, leftTopY=476, leftDownX=15, leftDownY=636, rightTopX=141, rightTopY=476, rightDownX=141, rightDownY=636, centerX=76, centerY=546, mainNumR=3, mainNumC=4}
2019-10-27 10:47:32.423[main]INFO  com.zhixin.wolf.util.CoordinatesUtils -{roomId=24, roomName='案件会商室', leftTopX=438, leftTopY=270, leftDownX=438, leftDownY=415, rightTopX=631, rightTopY=270, rightDownX=631, rightDownY=415, centerX=532, centerY=337, mainNumR=5, mainNumC=4}
2019-10-27 10:47:32.423[main]INFO  com.zhixin.wolf.util.CoordinatesUtils -{roomId=27, roomName='安全检查室', leftTopX=426, leftTopY=476, leftDownX=426, leftDownY=636, rightTopX=532, rightTopY=476, rightDownX=532, rightDownY=636, centerX=481, centerY=546, mainNumR=3, mainNumC=4}
2019-10-27 10:47:32.424[main]INFO  com.zhixin.wolf.util.CoordinatesUtils -{roomId=26, roomName='涉案物品保管室', leftTopX=151, leftTopY=476, leftDownX=151, leftDownY=636, rightTopX=416, rightTopY=476, rightDownX=416, rightDownY=636, centerX=281, centerY=546, mainNumR=7, mainNumC=4}
2019-10-27 10:47:32.424[main]INFO  com.zhixin.wolf.util.CoordinatesUtils -{roomId=29, roomName='测谎室', leftTopX=823, leftTopY=476, leftDownX=823, leftDownY=538, rightTopX=965, rightTopY=476, rightDownX=965, rightDownY=538, centerX=895, centerY=510, mainNumR=4, mainNumC=1}
2019-10-27 10:47:32.424[main]INFO  com.zhixin.wolf.util.CoordinatesUtils -{roomId=28, roomName='值班登记室', leftTopX=541, leftTopY=476, leftDownX=541, leftDownY=636, rightTopX=692, rightTopY=476, rightDownX=692, rightDownY=636, centerX=617, centerY=546, mainNumR=4, mainNumC=4}
2019-10-27 10:47:32.424[main]INFO  com.zhixin.wolf.util.CoordinatesUtils -{roomId=30, roomName='心理测试室', leftTopX=823, leftTopY=547, leftDownX=823, leftDownY=636, rightTopX=965, rightTopY=547, rightDownX=965, rightDownY=636, centerX=893, centerY=591, mainNumR=4, mainNumC=2}
2019-10-27 10:47:32.424[main]INFO  com.zhixin.wolf.util.CoordinatesUtils -================获取到定位配置信息end=========================
2019-10-27 10:47:32.897[main]INFO  o.s.w.s.m.m.a.RequestMappingHandlerAdapter -Looking for @ControllerAdvice: org.springframework.boot.context.embedded.AnnotationConfigEmbeddedWebApplicationContext@72ccd846: startup date [Sun Oct 27 10:47:29 CST 2019]; root of context hierarchy
2019-10-27 10:47:32.988[main]INFO  o.s.w.s.m.m.a.RequestMappingHandlerMapping -Mapped "{[/queryPersonLocations]}" onto private java.util.List<com.zhixin.wolf.entity.PersonLocationEntity> com.zhixin.wolf.controller.MapServicesController.queryPersonLocations()
2019-10-27 10:47:32.992[main]INFO  o.s.w.s.m.m.a.RequestMappingHandlerMapping -Mapped "{[/queryPersonRoundDataBySerialId]}" onto private com.zhixin.wolf.entity.PersonRoundEntity com.zhixin.wolf.controller.MapServicesController.queryPersonRoundDataBySerialId(javax.servlet.http.HttpServletRequest)
2019-10-27 10:47:32.995[main]INFO  o.s.w.s.m.m.a.RequestMappingHandlerMapping -Mapped "{[/error]}" onto public org.springframework.http.ResponseEntity<java.util.Map<java.lang.String, java.lang.Object>> org.springframework.boot.autoconfigure.web.BasicErrorController.error(javax.servlet.http.HttpServletRequest)
2019-10-27 10:47:32.996[main]INFO  o.s.w.s.m.m.a.RequestMappingHandlerMapping -Mapped "{[/error],produces=[text/html]}" onto public org.springframework.web.servlet.ModelAndView org.springframework.boot.autoconfigure.web.BasicErrorController.errorHtml(javax.servlet.http.HttpServletRequest,javax.servlet.http.HttpServletResponse)
2019-10-27 10:47:33.034[main]INFO  o.s.web.servlet.handler.SimpleUrlHandlerMapping -Mapped URL path [/webjars/**] onto handler of type [class org.springframework.web.servlet.resource.ResourceHttpRequestHandler]
2019-10-27 10:47:33.034[main]INFO  o.s.web.servlet.handler.SimpleUrlHandlerMapping -Mapped URL path [/**] onto handler of type [class org.springframework.web.servlet.resource.ResourceHttpRequestHandler]
2019-10-27 10:47:33.098[main]INFO  o.s.web.servlet.handler.SimpleUrlHandlerMapping -Mapped URL path [/**/favicon.ico] onto handler of type [class org.springframework.web.servlet.resource.ResourceHttpRequestHandler]
2019-10-27 10:47:33.557[main]INFO  o.s.jmx.export.annotation.AnnotationMBeanExporter -Registering beans for JMX exposure on startup
2019-10-27 10:47:33.616[main]INFO  org.apache.coyote.http11.Http11NioProtocol -Initializing ProtocolHandler ["http-nio-8080"]
2019-10-27 10:47:33.632[main]INFO  org.apache.coyote.http11.Http11NioProtocol -Starting ProtocolHandler ["http-nio-8080"]
2019-10-27 10:47:33.648[main]INFO  org.apache.tomcat.util.net.NioSelectorPool -Using a shared selector for servlet write/read
2019-10-27 10:47:33.673[main]INFO  o.s.b.c.e.tomcat.TomcatEmbeddedServletContainer -Tomcat started on port(s): 8080 (http)
2019-10-27 10:47:33.679[main]INFO  com.zhixin.wolf.main.Map2DServicesApplication -Started Map2DServicesApplication in 4.502 seconds (JVM running for 5.225)
